[debug] [2024-03-24T06:54:29.845Z] ----------------------------------------------------------------------
[debug] [2024-03-24T06:54:29.846Z] Command:       /Users/bilalmotiwala/.nvm/versions/node/v18.18.2/bin/node /Users/bilalmotiwala/.nvm/versions/node/v18.18.2/bin/firebase deploy --only functions:deployToken
[debug] [2024-03-24T06:54:29.846Z] CLI Version:   12.8.1
[debug] [2024-03-24T06:54:29.846Z] Platform:      darwin
[debug] [2024-03-24T06:54:29.846Z] Node Version:  v18.18.2
[debug] [2024-03-24T06:54:29.850Z] Time:          Sun Mar 24 2024 14:54:29 GMT+0800 (Malaysia Time)
[debug] [2024-03-24T06:54:29.850Z] ----------------------------------------------------------------------
[debug] 
[debug] [2024-03-24T06:54:29.886Z] > command requires scopes: ["email","openid","https://www.googleapis.com/auth/cloudplatformprojects.readonly","https://www.googleapis.com/auth/firebase","https://www.googleapis.com/auth/cloud-platform"]
[debug] [2024-03-24T06:54:29.886Z] > authorizing via signed-in user (bilal@pyme.team)
[debug] [2024-03-24T06:54:29.887Z] [iam] checking project framecoin-production for permissions ["cloudfunctions.functions.create","cloudfunctions.functions.delete","cloudfunctions.functions.get","cloudfunctions.functions.list","cloudfunctions.functions.update","cloudfunctions.operations.get","firebase.projects.get"]
[debug] [2024-03-24T06:54:29.887Z] >>> [apiv2][query] POST https://cloudresourcemanager.googleapis.com/v1/projects/framecoin-production:testIamPermissions [none]
[debug] [2024-03-24T06:54:29.888Z] >>> [apiv2][(partial)header] POST https://cloudresourcemanager.googleapis.com/v1/projects/framecoin-production:testIamPermissions x-goog-quota-user=projects/framecoin-production
[debug] [2024-03-24T06:54:29.888Z] >>> [apiv2][body] POST https://cloudresourcemanager.googleapis.com/v1/projects/framecoin-production:testIamPermissions {"permissions":["cloudfunctions.functions.create","cloudfunctions.functions.delete","cloudfunctions.functions.get","cloudfunctions.functions.list","cloudfunctions.functions.update","cloudfunctions.operations.get","firebase.projects.get"]}
[debug] [2024-03-24T06:54:31.051Z] <<< [apiv2][status] POST https://cloudresourcemanager.googleapis.com/v1/projects/framecoin-production:testIamPermissions 200
[debug] [2024-03-24T06:54:31.052Z] <<< [apiv2][body] POST https://cloudresourcemanager.googleapis.com/v1/projects/framecoin-production:testIamPermissions {"permissions":["cloudfunctions.functions.create","cloudfunctions.functions.delete","cloudfunctions.functions.get","cloudfunctions.functions.list","cloudfunctions.functions.update","cloudfunctions.operations.get","firebase.projects.get"]}
[debug] [2024-03-24T06:54:31.052Z] >>> [apiv2][query] POST https://iam.googleapis.com/v1/projects/framecoin-production/serviceAccounts/framecoin-production@appspot.gserviceaccount.com:testIamPermissions [none]
[debug] [2024-03-24T06:54:31.052Z] >>> [apiv2][body] POST https://iam.googleapis.com/v1/projects/framecoin-production/serviceAccounts/framecoin-production@appspot.gserviceaccount.com:testIamPermissions {"permissions":["iam.serviceAccounts.actAs"]}
[debug] [2024-03-24T06:54:32.390Z] <<< [apiv2][status] POST https://iam.googleapis.com/v1/projects/framecoin-production/serviceAccounts/framecoin-production@appspot.gserviceaccount.com:testIamPermissions 200
[debug] [2024-03-24T06:54:32.391Z] <<< [apiv2][body] POST https://iam.googleapis.com/v1/projects/framecoin-production/serviceAccounts/framecoin-production@appspot.gserviceaccount.com:testIamPermissions {"permissions":["iam.serviceAccounts.actAs"]}
[info] 
[info] === Deploying to 'framecoin-production'...
[info] 
[info] i  deploying functions 
[debug] [2024-03-24T06:54:32.395Z] >>> [apiv2][query] GET https://firebase.googleapis.com/v1beta1/projects/framecoin-production [none]
[debug] [2024-03-24T06:54:32.769Z] <<< [apiv2][status] GET https://firebase.googleapis.com/v1beta1/projects/framecoin-production 200
[debug] [2024-03-24T06:54:32.770Z] <<< [apiv2][body] GET https://firebase.googleapis.com/v1beta1/projects/framecoin-production {"projectId":"framecoin-production","projectNumber":"870571884986","displayName":"framecoin","name":"projects/framecoin-production","resources":{"hostingSite":"framecoin-production"},"state":"ACTIVE","etag":"1_fc3e65d5-a861-4fd8-a5ce-c7fc1db25864"}
[info] i  functions: preparing codebase default for deployment 
[info] i  functions: ensuring required API cloudfunctions.googleapis.com is enabled... 
[info] i  functions: ensuring required API cloudbuild.googleapis.com is enabled... 
[info] i  artifactregistry: ensuring required API artifactregistry.googleapis.com is enabled... 
[debug] [2024-03-24T06:54:32.772Z] >>> [apiv2][query] GET https://serviceusage.googleapis.com/v1/projects/framecoin-production/services/cloudfunctions.googleapis.com [none]
[debug] [2024-03-24T06:54:32.772Z] >>> [apiv2][(partial)header] GET https://serviceusage.googleapis.com/v1/projects/framecoin-production/services/cloudfunctions.googleapis.com x-goog-quota-user=projects/framecoin-production
[debug] [2024-03-24T06:54:32.775Z] >>> [apiv2][query] GET https://serviceusage.googleapis.com/v1/projects/framecoin-production/services/runtimeconfig.googleapis.com [none]
[debug] [2024-03-24T06:54:32.775Z] >>> [apiv2][(partial)header] GET https://serviceusage.googleapis.com/v1/projects/framecoin-production/services/runtimeconfig.googleapis.com x-goog-quota-user=projects/framecoin-production
[debug] [2024-03-24T06:54:32.776Z] >>> [apiv2][query] GET https://serviceusage.googleapis.com/v1/projects/framecoin-production/services/cloudbuild.googleapis.com [none]
[debug] [2024-03-24T06:54:32.776Z] >>> [apiv2][(partial)header] GET https://serviceusage.googleapis.com/v1/projects/framecoin-production/services/cloudbuild.googleapis.com x-goog-quota-user=projects/framecoin-production
[debug] [2024-03-24T06:54:32.777Z] >>> [apiv2][query] GET https://serviceusage.googleapis.com/v1/projects/framecoin-production/services/artifactregistry.googleapis.com [none]
[debug] [2024-03-24T06:54:32.777Z] >>> [apiv2][(partial)header] GET https://serviceusage.googleapis.com/v1/projects/framecoin-production/services/artifactregistry.googleapis.com x-goog-quota-user=projects/framecoin-production
[debug] [2024-03-24T06:54:34.325Z] <<< [apiv2][status] GET https://serviceusage.googleapis.com/v1/projects/framecoin-production/services/runtimeconfig.googleapis.com 200
[debug] [2024-03-24T06:54:34.325Z] <<< [apiv2][body] GET https://serviceusage.googleapis.com/v1/projects/framecoin-production/services/runtimeconfig.googleapis.com [omitted]
[debug] [2024-03-24T06:54:34.326Z] <<< [apiv2][status] GET https://serviceusage.googleapis.com/v1/projects/framecoin-production/services/cloudfunctions.googleapis.com 200
[debug] [2024-03-24T06:54:34.326Z] <<< [apiv2][body] GET https://serviceusage.googleapis.com/v1/projects/framecoin-production/services/cloudfunctions.googleapis.com [omitted]
[info] ✔  functions: required API cloudfunctions.googleapis.com is enabled 
[debug] [2024-03-24T06:54:34.327Z] <<< [apiv2][status] GET https://serviceusage.googleapis.com/v1/projects/framecoin-production/services/cloudbuild.googleapis.com 200
[debug] [2024-03-24T06:54:34.327Z] <<< [apiv2][body] GET https://serviceusage.googleapis.com/v1/projects/framecoin-production/services/cloudbuild.googleapis.com [omitted]
[info] ✔  functions: required API cloudbuild.googleapis.com is enabled 
[debug] [2024-03-24T06:54:34.328Z] <<< [apiv2][status] GET https://serviceusage.googleapis.com/v1/projects/framecoin-production/services/artifactregistry.googleapis.com 200
[debug] [2024-03-24T06:54:34.328Z] <<< [apiv2][body] GET https://serviceusage.googleapis.com/v1/projects/framecoin-production/services/artifactregistry.googleapis.com [omitted]
[info] ✔  artifactregistry: required API artifactregistry.googleapis.com is enabled 
[debug] [2024-03-24T06:54:34.328Z] >>> [apiv2][query] GET https://firebase.googleapis.com/v1beta1/projects/framecoin-production/adminSdkConfig [none]
[debug] [2024-03-24T06:54:34.729Z] <<< [apiv2][status] GET https://firebase.googleapis.com/v1beta1/projects/framecoin-production/adminSdkConfig 200
[debug] [2024-03-24T06:54:34.729Z] <<< [apiv2][body] GET https://firebase.googleapis.com/v1beta1/projects/framecoin-production/adminSdkConfig {"projectId":"framecoin-production","storageBucket":"framecoin-production.appspot.com"}
[debug] [2024-03-24T06:54:34.730Z] >>> [apiv2][query] GET https://runtimeconfig.googleapis.com/v1beta1/projects/framecoin-production/configs [none]
[debug] [2024-03-24T06:54:35.344Z] <<< [apiv2][status] GET https://runtimeconfig.googleapis.com/v1beta1/projects/framecoin-production/configs 200
[debug] [2024-03-24T06:54:35.344Z] <<< [apiv2][body] GET https://runtimeconfig.googleapis.com/v1beta1/projects/framecoin-production/configs {}
[debug] [2024-03-24T06:54:35.347Z] Validating nodejs source
[debug] [2024-03-24T06:54:35.908Z] > [functions] package.json contents: {
  "name": "functions",
  "description": "Cloud Functions for Firebase",
  "scripts": {
    "serve": "firebase emulators:start --only functions",
    "shell": "firebase functions:shell",
    "start": "npm run shell",
    "deploy": "firebase deploy --only functions",
    "logs": "firebase functions:log"
  },
  "engines": {
    "node": "18"
  },
  "main": "index.js",
  "dependencies": {
    "@coinbase/onchainkit": "^0.11.0",
    "canvas": "^2.11.2",
    "cors": "^2.8.5",
    "dotenv": "^16.4.5",
    "firebase-admin": "^11.8.0",
    "firebase-functions": "^4.3.1",
    "viem": "^2.8.18"
  },
  "devDependencies": {
    "firebase-functions-test": "^3.1.0"
  },
  "private": true
}
[debug] [2024-03-24T06:54:35.909Z] Building nodejs source
[info] i  functions: Loading and analyzing source code for codebase default to determine what to deploy 
[debug] [2024-03-24T06:54:35.909Z] Could not find functions.yaml. Must use http discovery
[debug] [2024-03-24T06:54:35.915Z] Found firebase-functions binary at '/Users/bilalmotiwala/Desktop/framecoin/dapp/functions/node_modules/.bin/firebase-functions'
[info] Serving at port 8137

[debug] [2024-03-24T06:54:36.509Z] Got response from /__/functions.yaml {"endpoints":{"startCreateToken":{"platform":"gcfv1","availableMemoryMb":null,"timeoutSeconds":null,"minInstances":1,"maxInstances":null,"ingressSettings":null,"serviceAccountEmail":null,"vpc":null,"httpsTrigger":{},"entryPoint":"startCreateToken"},"saveName":{"platform":"gcfv1","availableMemoryMb":null,"timeoutSeconds":null,"minInstances":1,"maxInstances":null,"ingressSettings":null,"serviceAccountEmail":null,"vpc":null,"httpsTrigger":{},"entryPoint":"saveName"},"saveTicker":{"platform":"gcfv1","availableMemoryMb":null,"timeoutSeconds":null,"minInstances":1,"maxInstances":null,"ingressSettings":null,"serviceAccountEmail":null,"vpc":null,"httpsTrigger":{},"entryPoint":"saveTicker"},"deployToken":{"platform":"gcfv1","availableMemoryMb":null,"timeoutSeconds":null,"minInstances":1,"maxInstances":null,"ingressSettings":null,"serviceAccountEmail":null,"vpc":null,"httpsTrigger":{},"entryPoint":"deployToken"}},"specVersion":"v1alpha1","requiredAPIs":[]}
[info] i  functions: Loaded environment variables from .env. 
[info] i  functions: preparing functions directory for uploading... 
[info] i  functions: packaged /Users/bilalmotiwala/Desktop/framecoin/dapp/functions (391.18 KB) for uploading 
[debug] [2024-03-24T06:54:36.547Z] >>> [apiv2][query] GET https://cloudfunctions.googleapis.com/v1/projects/framecoin-production/locations/-/functions [none]
[debug] [2024-03-24T06:54:37.198Z] <<< [apiv2][status] GET https://cloudfunctions.googleapis.com/v1/projects/framecoin-production/locations/-/functions 200
[debug] [2024-03-24T06:54:37.199Z] <<< [apiv2][body] GET https://cloudfunctions.googleapis.com/v1/projects/framecoin-production/locations/-/functions {"functions":[{"name":"projects/framecoin-production/locations/us-central1/functions/deployToken","httpsTrigger":{"url":"https://us-central1-framecoin-production.cloudfunctions.net/deployToken","securityLevel":"SECURE_ALWAYS"},"status":"ACTIVE","entryPoint":"deployToken","timeout":"60s","availableMemoryMb":256,"serviceAccountEmail":"framecoin-production@appspot.gserviceaccount.com","updateTime":"2024-03-24T06:21:07.417Z","versionId":"16","labels":{"deployment-tool":"cli-firebase","firebase-functions-hash":"414356e365e84879388575f82ae7aa665baec9ea"},"sourceUploadUrl":"https://storage.googleapis.com/uploads-183039903690.us-central1.cloudfunctions.appspot.com/293c14c2-300b-43b2-9e6f-8de7219d8f67.zip","environmentVariables":{"FIREBASE_CONFIG":"{\"projectId\":\"framecoin-production\",\"storageBucket\":\"framecoin-production.appspot.com\"}","GCLOUD_PROJECT":"framecoin-production","FIRESTORE_PREFER_REST":"true","EVENTARC_CLOUD_EVENT_SOURCE":"projects/framecoin-production/locations/us-central1/functions/deployToken"},"runtime":"nodejs18","ingressSettings":"ALLOW_ALL","buildId":"cb2f5900-4e9c-4563-8a6f-4c752fe25b88","buildEnvironmentVariables":{"GOOGLE_NODE_RUN_SCRIPTS":""},"minInstances":1,"buildName":"projects/870571884986/locations/us-central1/builds/cb2f5900-4e9c-4563-8a6f-4c752fe25b88","dockerRegistry":"ARTIFACT_REGISTRY","automaticUpdatePolicy":{}},{"name":"projects/framecoin-production/locations/us-central1/functions/saveName","httpsTrigger":{"url":"https://us-central1-framecoin-production.cloudfunctions.net/saveName","securityLevel":"SECURE_ALWAYS"},"status":"ACTIVE","entryPoint":"saveName","timeout":"60s","availableMemoryMb":256,"serviceAccountEmail":"framecoin-production@appspot.gserviceaccount.com","updateTime":"2024-03-23T18:30:28.802Z","versionId":"12","labels":{"deployment-tool":"cli-firebase","firebase-functions-hash":"701068c8b028641d6d15c6ee4fcaf8e6cec6cc6d"},"sourceUploadUrl":"https://storage.googleapis.com/uploads-183039903690.us-central1.cloudfunctions.appspot.com/4dfef5f1-1710-4709-8c64-6ac75848abc4.zip","environmentVariables":{"FIREBASE_CONFIG":"{\"projectId\":\"framecoin-production\",\"storageBucket\":\"framecoin-production.appspot.com\"}","GCLOUD_PROJECT":"framecoin-production","FIRESTORE_PREFER_REST":"true","EVENTARC_CLOUD_EVENT_SOURCE":"projects/framecoin-production/locations/us-central1/functions/saveName"},"runtime":"nodejs18","ingressSettings":"ALLOW_ALL","buildId":"81942d85-6527-495f-9e52-d9e26b6d70d2","buildEnvironmentVariables":{"GOOGLE_NODE_RUN_SCRIPTS":""},"minInstances":1,"buildName":"projects/870571884986/locations/us-central1/builds/81942d85-6527-495f-9e52-d9e26b6d70d2","dockerRegistry":"ARTIFACT_REGISTRY","automaticUpdatePolicy":{}},{"name":"projects/framecoin-production/locations/us-central1/functions/saveTicker","httpsTrigger":{"url":"https://us-central1-framecoin-production.cloudfunctions.net/saveTicker","securityLevel":"SECURE_ALWAYS"},"status":"ACTIVE","entryPoint":"saveTicker","timeout":"60s","availableMemoryMb":256,"serviceAccountEmail":"framecoin-production@appspot.gserviceaccount.com","updateTime":"2024-03-23T18:32:31.934Z","versionId":"10","labels":{"deployment-tool":"cli-firebase","firebase-functions-hash":"701068c8b028641d6d15c6ee4fcaf8e6cec6cc6d"},"sourceUploadUrl":"https://storage.googleapis.com/uploads-183039903690.us-central1.cloudfunctions.appspot.com/d0844928-a630-4e86-a7c8-275ddfed9eef.zip","environmentVariables":{"FIREBASE_CONFIG":"{\"projectId\":\"framecoin-production\",\"storageBucket\":\"framecoin-production.appspot.com\"}","GCLOUD_PROJECT":"framecoin-production","FIRESTORE_PREFER_REST":"true","EVENTARC_CLOUD_EVENT_SOURCE":"projects/framecoin-production/locations/us-central1/functions/saveTicker"},"runtime":"nodejs18","ingressSettings":"ALLOW_ALL","buildId":"38bb17a4-a8fd-4f38-bb37-72522ccde7b5","buildEnvironmentVariables":{"GOOGLE_NODE_RUN_SCRIPTS":""},"minInstances":1,"buildName":"projects/870571884986/locations/us-central1/builds/38bb17a4-a8fd-4f38-bb37-72522ccde7b5","dockerRegistry":"ARTIFACT_REGISTRY","automaticUpdatePolicy":{}},{"name":"projects/framecoin-production/locations/us-central1/functions/startCreateToken","httpsTrigger":{"url":"https://us-central1-framecoin-production.cloudfunctions.net/startCreateToken","securityLevel":"SECURE_ALWAYS"},"status":"ACTIVE","entryPoint":"startCreateToken","timeout":"60s","availableMemoryMb":256,"serviceAccountEmail":"framecoin-production@appspot.gserviceaccount.com","updateTime":"2024-03-23T18:28:06.790Z","versionId":"13","labels":{"deployment-tool":"cli-firebase","firebase-functions-hash":"701068c8b028641d6d15c6ee4fcaf8e6cec6cc6d"},"sourceUploadUrl":"https://storage.googleapis.com/uploads-183039903690.us-central1.cloudfunctions.appspot.com/f9f0a814-c809-47e8-ad9c-f02c1ea8bc2b.zip","environmentVariables":{"FIREBASE_CONFIG":"{\"projectId\":\"framecoin-production\",\"storageBucket\":\"framecoin-production.appspot.com\"}","GCLOUD_PROJECT":"framecoin-production","FIRESTORE_PREFER_REST":"true","EVENTARC_CLOUD_EVENT_SOURCE":"projects/framecoin-production/locations/us-central1/functions/startCreateToken"},"runtime":"nodejs18","ingressSettings":"ALLOW_ALL","buildId":"1af06d5a-f566-4496-9b1b-5fac13c70b45","buildEnvironmentVariables":{"GOOGLE_NODE_RUN_SCRIPTS":""},"minInstances":1,"buildName":"projects/870571884986/locations/us-central1/builds/1af06d5a-f566-4496-9b1b-5fac13c70b45","dockerRegistry":"ARTIFACT_REGISTRY","automaticUpdatePolicy":{}}]}
[debug] [2024-03-24T06:54:37.200Z] >>> [apiv2][query] GET https://cloudfunctions.googleapis.com/v2/projects/framecoin-production/locations/-/functions filter=environment%3D%22GEN_2%22
[debug] [2024-03-24T06:54:38.877Z] <<< [apiv2][status] GET https://cloudfunctions.googleapis.com/v2/projects/framecoin-production/locations/-/functions 200
[debug] [2024-03-24T06:54:38.878Z] <<< [apiv2][body] GET https://cloudfunctions.googleapis.com/v2/projects/framecoin-production/locations/-/functions {}
[debug] [2024-03-24T06:54:38.887Z] >>> [apiv2][query] GET https://firebase.googleapis.com/v1beta1/projects/framecoin-production [none]
[debug] [2024-03-24T06:54:39.182Z] <<< [apiv2][status] GET https://firebase.googleapis.com/v1beta1/projects/framecoin-production 200
[debug] [2024-03-24T06:54:39.182Z] <<< [apiv2][body] GET https://firebase.googleapis.com/v1beta1/projects/framecoin-production {"projectId":"framecoin-production","projectNumber":"870571884986","displayName":"framecoin","name":"projects/framecoin-production","resources":{"hostingSite":"framecoin-production"},"state":"ACTIVE","etag":"1_fc3e65d5-a861-4fd8-a5ce-c7fc1db25864"}
[debug] [2024-03-24T06:54:39.187Z] >>> [apiv2][query] POST https://cloudfunctions.googleapis.com/v1/projects/framecoin-production/locations/us-central1/functions:generateUploadUrl [none]
[debug] [2024-03-24T06:54:39.188Z] >>> [apiv2][body] POST https://cloudfunctions.googleapis.com/v1/projects/framecoin-production/locations/us-central1/functions:generateUploadUrl {}
[debug] [2024-03-24T06:54:39.926Z] <<< [apiv2][status] POST https://cloudfunctions.googleapis.com/v1/projects/framecoin-production/locations/us-central1/functions:generateUploadUrl 200
[debug] [2024-03-24T06:54:39.926Z] <<< [apiv2][body] POST https://cloudfunctions.googleapis.com/v1/projects/framecoin-production/locations/us-central1/functions:generateUploadUrl {"uploadUrl":"https://storage.googleapis.com/uploads-183039903690.us-central1.cloudfunctions.appspot.com/0aba20ad-c71c-4d3a-b90f-ac75a47f5bea.zip?GoogleAccessId=service-870571884986@gcf-admin-robot.iam.gserviceaccount.com&Expires=1711265079&Signature=dscNbZ90eYMQHYvDat17dCCFSmB6Ge0eiaELi%2Fh%2BnT6RxiNyzNZASdcH1gHVyrFGg%2FB7i7p4iZHewMlqkC2QfmlQMKMZz%2BBt5i%2F1nP77dBWeTu9QeEOK0Eh4fVWgSwQL9%2BXslXrpQM6sm8K%2BA48rEc90o9Bf1TGoGePkpiBOk20awF2CGkFovjhd3ybVg%2Fu6p8V9n6NxOCSjcg1hcFhcYe5np0oEiBEd1FOWlCDH72zSJn%2F1dbWBuQ0Y9QPcV9GYSlo79%2BwQe%2FqbCsQWxkk4qf%2FJ%2BRs%2FMRT144G76xIwMK9LpZPaoW4rVISY%2FJPDiWy1VQtnnIMG2CRyYGjM08Ic8A%3D%3D"}
[debug] [2024-03-24T06:54:39.931Z] >>> [apiv2][query] PUT https://storage.googleapis.com/uploads-183039903690.us-central1.cloudfunctions.appspot.com/0aba20ad-c71c-4d3a-b90f-ac75a47f5bea.zip GoogleAccessId=service-870571884986%40gcf-admin-robot.iam.gserviceaccount.com&Expires=1711265079&Signature=dscNbZ90eYMQHYvDat17dCCFSmB6Ge0eiaELi%2Fh%2BnT6RxiNyzNZASdcH1gHVyrFGg%2FB7i7p4iZHewMlqkC2QfmlQMKMZz%2BBt5i%2F1nP77dBWeTu9QeEOK0Eh4fVWgSwQL9%2BXslXrpQM6sm8K%2BA48rEc90o9Bf1TGoGePkpiBOk20awF2CGkFovjhd3ybVg%2Fu6p8V9n6NxOCSjcg1hcFhcYe5np0oEiBEd1FOWlCDH72zSJn%2F1dbWBuQ0Y9QPcV9GYSlo79%2BwQe%2FqbCsQWxkk4qf%2FJ%2BRs%2FMRT144G76xIwMK9LpZPaoW4rVISY%2FJPDiWy1VQtnnIMG2CRyYGjM08Ic8A%3D%3D
[debug] [2024-03-24T06:54:39.931Z] >>> [apiv2][body] PUT https://storage.googleapis.com/uploads-183039903690.us-central1.cloudfunctions.appspot.com/0aba20ad-c71c-4d3a-b90f-ac75a47f5bea.zip [stream]
[debug] [2024-03-24T06:54:41.592Z] <<< [apiv2][status] PUT https://storage.googleapis.com/uploads-183039903690.us-central1.cloudfunctions.appspot.com/0aba20ad-c71c-4d3a-b90f-ac75a47f5bea.zip 200
[debug] [2024-03-24T06:54:41.592Z] <<< [apiv2][body] PUT https://storage.googleapis.com/uploads-183039903690.us-central1.cloudfunctions.appspot.com/0aba20ad-c71c-4d3a-b90f-ac75a47f5bea.zip [omitted]
[info] ✔  functions: functions folder uploaded successfully 
[info] i  functions: updating Node.js 18 (1st Gen) function deployToken(us-central1)... 
[debug] [2024-03-24T06:54:41.604Z] >>> [apiv2][query] PATCH https://cloudfunctions.googleapis.com/v1/projects/framecoin-production/locations/us-central1/functions/deployToken updateMask=name%2CsourceUploadUrl%2CentryPoint%2Cruntime%2CdockerRegistry%2Clabels%2ChttpsTrigger.securityLevel%2CminInstances%2CmaxInstances%2CingressSettings%2CenvironmentVariables%2CserviceAccountEmail%2CavailableMemoryMb%2Ctimeout%2CvpcConnector%2CvpcConnectorEgressSettings%2CsourceToken%2CbuildEnvironmentVariables
[debug] [2024-03-24T06:54:41.604Z] >>> [apiv2][body] PATCH https://cloudfunctions.googleapis.com/v1/projects/framecoin-production/locations/us-central1/functions/deployToken {"name":"projects/framecoin-production/locations/us-central1/functions/deployToken","sourceUploadUrl":"https://storage.googleapis.com/uploads-183039903690.us-central1.cloudfunctions.appspot.com/0aba20ad-c71c-4d3a-b90f-ac75a47f5bea.zip?GoogleAccessId=service-870571884986@gcf-admin-robot.iam.gserviceaccount.com&Expires=1711265079&Signature=dscNbZ90eYMQHYvDat17dCCFSmB6Ge0eiaELi%2Fh%2BnT6RxiNyzNZASdcH1gHVyrFGg%2FB7i7p4iZHewMlqkC2QfmlQMKMZz%2BBt5i%2F1nP77dBWeTu9QeEOK0Eh4fVWgSwQL9%2BXslXrpQM6sm8K%2BA48rEc90o9Bf1TGoGePkpiBOk20awF2CGkFovjhd3ybVg%2Fu6p8V9n6NxOCSjcg1hcFhcYe5np0oEiBEd1FOWlCDH72zSJn%2F1dbWBuQ0Y9QPcV9GYSlo79%2BwQe%2FqbCsQWxkk4qf%2FJ%2BRs%2FMRT144G76xIwMK9LpZPaoW4rVISY%2FJPDiWy1VQtnnIMG2CRyYGjM08Ic8A%3D%3D","entryPoint":"deployToken","runtime":"nodejs18","dockerRegistry":"ARTIFACT_REGISTRY","labels":{"deployment-tool":"cli-firebase","firebase-functions-hash":"3403f0075d4317347f143bd674170ff8b950e9dd"},"httpsTrigger":{"securityLevel":"SECURE_ALWAYS"},"minInstances":1,"maxInstances":null,"ingressSettings":null,"environmentVariables":{"FIREBASE_CONFIG":"{\"projectId\":\"framecoin-production\",\"storageBucket\":\"framecoin-production.appspot.com\"}","GCLOUD_PROJECT":"framecoin-production","FIRESTORE_PREFER_REST":"true","EVENTARC_CLOUD_EVENT_SOURCE":"projects/framecoin-production/locations/us-central1/functions/deployToken"},"serviceAccountEmail":null,"availableMemoryMb":null,"timeout":null,"vpcConnector":null,"vpcConnectorEgressSettings":null,"buildEnvironmentVariables":{"GOOGLE_NODE_RUN_SCRIPTS":""}}
[debug] [2024-03-24T06:54:42.420Z] <<< [apiv2][status] PATCH https://cloudfunctions.googleapis.com/v1/projects/framecoin-production/locations/us-central1/functions/deployToken 200
[debug] [2024-03-24T06:54:42.420Z] <<< [apiv2][body] PATCH https://cloudfunctions.googleapis.com/v1/projects/framecoin-production/locations/us-central1/functions/deployToken {"name":"operations/ZnJhbWVjb2luLXByb2R1Y3Rpb24vdXMtY2VudHJhbDEvZGVwbG95VG9rZW4vZXdUVHEzUkk0Ylk","metadata":{"@type":"type.googleapis.com/google.cloud.functions.v1.OperationMetadataV1","target":"projects/framecoin-production/locations/us-central1/functions/deployToken","type":"UPDATE_FUNCTION","request":{"@type":"type.googleapis.com/google.cloud.functions.v1.CloudFunction","name":"projects/framecoin-production/locations/us-central1/functions/deployToken","httpsTrigger":{"url":"https://us-central1-framecoin-production.cloudfunctions.net/deployToken","securityLevel":"SECURE_ALWAYS"},"status":"ACTIVE","entryPoint":"deployToken","updateTime":"2024-03-24T06:21:07.417Z","versionId":"16","labels":{"deployment-tool":"cli-firebase","firebase-functions-hash":"3403f0075d4317347f143bd674170ff8b950e9dd"},"sourceUploadUrl":"https://storage.googleapis.com/uploads-183039903690.us-central1.cloudfunctions.appspot.com/0aba20ad-c71c-4d3a-b90f-ac75a47f5bea.zip?GoogleAccessId=service-870571884986@gcf-admin-robot.iam.gserviceaccount.com&Expires=1711265079&Signature=dscNbZ90eYMQHYvDat17dCCFSmB6Ge0eiaELi%2Fh%2BnT6RxiNyzNZASdcH1gHVyrFGg%2FB7i7p4iZHewMlqkC2QfmlQMKMZz%2BBt5i%2F1nP77dBWeTu9QeEOK0Eh4fVWgSwQL9%2BXslXrpQM6sm8K%2BA48rEc90o9Bf1TGoGePkpiBOk20awF2CGkFovjhd3ybVg%2Fu6p8V9n6NxOCSjcg1hcFhcYe5np0oEiBEd1FOWlCDH72zSJn%2F1dbWBuQ0Y9QPcV9GYSlo79%2BwQe%2FqbCsQWxkk4qf%2FJ%2BRs%2FMRT144G76xIwMK9LpZPaoW4rVISY%2FJPDiWy1VQtnnIMG2CRyYGjM08Ic8A%3D%3D","environmentVariables":{"FIREBASE_CONFIG":"{\"projectId\":\"framecoin-production\",\"storageBucket\":\"framecoin-production.appspot.com\"}","GCLOUD_PROJECT":"framecoin-production","FIRESTORE_PREFER_REST":"true","EVENTARC_CLOUD_EVENT_SOURCE":"projects/framecoin-production/locations/us-central1/functions/deployToken"},"runtime":"nodejs18","buildId":"cb2f5900-4e9c-4563-8a6f-4c752fe25b88","buildEnvironmentVariables":{"GOOGLE_NODE_RUN_SCRIPTS":""},"minInstances":1,"buildName":"projects/870571884986/locations/us-central1/builds/cb2f5900-4e9c-4563-8a6f-4c752fe25b88","dockerRegistry":"ARTIFACT_REGISTRY","automaticUpdatePolicy":{}},"versionId":"17","updateTime":"2024-03-24T06:54:42Z"}}
[debug] [2024-03-24T06:54:42.422Z] >>> [apiv2][query] GET https://cloudfunctions.googleapis.com/v1/operations/ZnJhbWVjb2luLXByb2R1Y3Rpb24vdXMtY2VudHJhbDEvZGVwbG95VG9rZW4vZXdUVHEzUkk0Ylk [none]
[debug] [2024-03-24T06:54:42.807Z] <<< [apiv2][status] GET https://cloudfunctions.googleapis.com/v1/operations/ZnJhbWVjb2luLXByb2R1Y3Rpb24vdXMtY2VudHJhbDEvZGVwbG95VG9rZW4vZXdUVHEzUkk0Ylk 200
[debug] [2024-03-24T06:54:42.808Z] <<< [apiv2][body] GET https://cloudfunctions.googleapis.com/v1/operations/ZnJhbWVjb2luLXByb2R1Y3Rpb24vdXMtY2VudHJhbDEvZGVwbG95VG9rZW4vZXdUVHEzUkk0Ylk {"name":"operations/ZnJhbWVjb2luLXByb2R1Y3Rpb24vdXMtY2VudHJhbDEvZGVwbG95VG9rZW4vZXdUVHEzUkk0Ylk","metadata":{"@type":"type.googleapis.com/google.cloud.functions.v1.OperationMetadataV1","target":"projects/framecoin-production/locations/us-central1/functions/deployToken","type":"UPDATE_FUNCTION","request":{"@type":"type.googleapis.com/google.cloud.functions.v1.CloudFunction","name":"projects/framecoin-production/locations/us-central1/functions/deployToken","httpsTrigger":{"url":"https://us-central1-framecoin-production.cloudfunctions.net/deployToken","securityLevel":"SECURE_ALWAYS"},"status":"ACTIVE","entryPoint":"deployToken","updateTime":"2024-03-24T06:21:07.417Z","versionId":"16","labels":{"deployment-tool":"cli-firebase","firebase-functions-hash":"3403f0075d4317347f143bd674170ff8b950e9dd"},"sourceUploadUrl":"https://storage.googleapis.com/uploads-183039903690.us-central1.cloudfunctions.appspot.com/0aba20ad-c71c-4d3a-b90f-ac75a47f5bea.zip?GoogleAccessId=service-870571884986@gcf-admin-robot.iam.gserviceaccount.com&Expires=1711265079&Signature=dscNbZ90eYMQHYvDat17dCCFSmB6Ge0eiaELi%2Fh%2BnT6RxiNyzNZASdcH1gHVyrFGg%2FB7i7p4iZHewMlqkC2QfmlQMKMZz%2BBt5i%2F1nP77dBWeTu9QeEOK0Eh4fVWgSwQL9%2BXslXrpQM6sm8K%2BA48rEc90o9Bf1TGoGePkpiBOk20awF2CGkFovjhd3ybVg%2Fu6p8V9n6NxOCSjcg1hcFhcYe5np0oEiBEd1FOWlCDH72zSJn%2F1dbWBuQ0Y9QPcV9GYSlo79%2BwQe%2FqbCsQWxkk4qf%2FJ%2BRs%2FMRT144G76xIwMK9LpZPaoW4rVISY%2FJPDiWy1VQtnnIMG2CRyYGjM08Ic8A%3D%3D","environmentVariables":{"FIREBASE_CONFIG":"{\"projectId\":\"framecoin-production\",\"storageBucket\":\"framecoin-production.appspot.com\"}","GCLOUD_PROJECT":"framecoin-production","FIRESTORE_PREFER_REST":"true","EVENTARC_CLOUD_EVENT_SOURCE":"projects/framecoin-production/locations/us-central1/functions/deployToken"},"runtime":"nodejs18","buildId":"cb2f5900-4e9c-4563-8a6f-4c752fe25b88","buildEnvironmentVariables":{"GOOGLE_NODE_RUN_SCRIPTS":""},"minInstances":1,"buildName":"projects/870571884986/locations/us-central1/builds/cb2f5900-4e9c-4563-8a6f-4c752fe25b88","dockerRegistry":"ARTIFACT_REGISTRY","automaticUpdatePolicy":{}},"versionId":"17","updateTime":"2024-03-24T06:54:42Z"}}
[debug] [2024-03-24T06:54:43.312Z] [update-default-us-central1-deployToken] Retrying task index 0
[debug] [2024-03-24T06:54:43.315Z] >>> [apiv2][query] GET https://cloudfunctions.googleapis.com/v1/operations/ZnJhbWVjb2luLXByb2R1Y3Rpb24vdXMtY2VudHJhbDEvZGVwbG95VG9rZW4vZXdUVHEzUkk0Ylk [none]
[debug] [2024-03-24T06:54:43.850Z] <<< [apiv2][status] GET https://cloudfunctions.googleapis.com/v1/operations/ZnJhbWVjb2luLXByb2R1Y3Rpb24vdXMtY2VudHJhbDEvZGVwbG95VG9rZW4vZXdUVHEzUkk0Ylk 200
[debug] [2024-03-24T06:54:43.851Z] <<< [apiv2][body] GET https://cloudfunctions.googleapis.com/v1/operations/ZnJhbWVjb2luLXByb2R1Y3Rpb24vdXMtY2VudHJhbDEvZGVwbG95VG9rZW4vZXdUVHEzUkk0Ylk {"name":"operations/ZnJhbWVjb2luLXByb2R1Y3Rpb24vdXMtY2VudHJhbDEvZGVwbG95VG9rZW4vZXdUVHEzUkk0Ylk","metadata":{"@type":"type.googleapis.com/google.cloud.functions.v1.OperationMetadataV1","target":"projects/framecoin-production/locations/us-central1/functions/deployToken","type":"UPDATE_FUNCTION","request":{"@type":"type.googleapis.com/google.cloud.functions.v1.CloudFunction","name":"projects/framecoin-production/locations/us-central1/functions/deployToken","httpsTrigger":{"url":"https://us-central1-framecoin-production.cloudfunctions.net/deployToken","securityLevel":"SECURE_ALWAYS"},"status":"ACTIVE","entryPoint":"deployToken","updateTime":"2024-03-24T06:21:07.417Z","versionId":"16","labels":{"deployment-tool":"cli-firebase","firebase-functions-hash":"3403f0075d4317347f143bd674170ff8b950e9dd"},"sourceUploadUrl":"https://storage.googleapis.com/uploads-183039903690.us-central1.cloudfunctions.appspot.com/0aba20ad-c71c-4d3a-b90f-ac75a47f5bea.zip?GoogleAccessId=service-870571884986@gcf-admin-robot.iam.gserviceaccount.com&Expires=1711265079&Signature=dscNbZ90eYMQHYvDat17dCCFSmB6Ge0eiaELi%2Fh%2BnT6RxiNyzNZASdcH1gHVyrFGg%2FB7i7p4iZHewMlqkC2QfmlQMKMZz%2BBt5i%2F1nP77dBWeTu9QeEOK0Eh4fVWgSwQL9%2BXslXrpQM6sm8K%2BA48rEc90o9Bf1TGoGePkpiBOk20awF2CGkFovjhd3ybVg%2Fu6p8V9n6NxOCSjcg1hcFhcYe5np0oEiBEd1FOWlCDH72zSJn%2F1dbWBuQ0Y9QPcV9GYSlo79%2BwQe%2FqbCsQWxkk4qf%2FJ%2BRs%2FMRT144G76xIwMK9LpZPaoW4rVISY%2FJPDiWy1VQtnnIMG2CRyYGjM08Ic8A%3D%3D","environmentVariables":{"FIREBASE_CONFIG":"{\"projectId\":\"framecoin-production\",\"storageBucket\":\"framecoin-production.appspot.com\"}","GCLOUD_PROJECT":"framecoin-production","FIRESTORE_PREFER_REST":"true","EVENTARC_CLOUD_EVENT_SOURCE":"projects/framecoin-production/locations/us-central1/functions/deployToken"},"runtime":"nodejs18","buildId":"cb2f5900-4e9c-4563-8a6f-4c752fe25b88","buildEnvironmentVariables":{"GOOGLE_NODE_RUN_SCRIPTS":""},"minInstances":1,"buildName":"projects/870571884986/locations/us-central1/builds/cb2f5900-4e9c-4563-8a6f-4c752fe25b88","dockerRegistry":"ARTIFACT_REGISTRY","automaticUpdatePolicy":{}},"versionId":"17","updateTime":"2024-03-24T06:54:42Z","buildId":"d262e8cf-1763-4a6c-b08a-662c4fbd5b82","buildName":"projects/870571884986/locations/us-central1/builds/d262e8cf-1763-4a6c-b08a-662c4fbd5b82"}}
[debug] [2024-03-24T06:54:44.853Z] [update-default-us-central1-deployToken] Retrying task index 0
[debug] [2024-03-24T06:54:44.856Z] >>> [apiv2][query] GET https://cloudfunctions.googleapis.com/v1/operations/ZnJhbWVjb2luLXByb2R1Y3Rpb24vdXMtY2VudHJhbDEvZGVwbG95VG9rZW4vZXdUVHEzUkk0Ylk [none]
[debug] [2024-03-24T06:54:45.287Z] <<< [apiv2][status] GET https://cloudfunctions.googleapis.com/v1/operations/ZnJhbWVjb2luLXByb2R1Y3Rpb24vdXMtY2VudHJhbDEvZGVwbG95VG9rZW4vZXdUVHEzUkk0Ylk 200
[debug] [2024-03-24T06:54:45.288Z] <<< [apiv2][body] GET https://cloudfunctions.googleapis.com/v1/operations/ZnJhbWVjb2luLXByb2R1Y3Rpb24vdXMtY2VudHJhbDEvZGVwbG95VG9rZW4vZXdUVHEzUkk0Ylk {"name":"operations/ZnJhbWVjb2luLXByb2R1Y3Rpb24vdXMtY2VudHJhbDEvZGVwbG95VG9rZW4vZXdUVHEzUkk0Ylk","metadata":{"@type":"type.googleapis.com/google.cloud.functions.v1.OperationMetadataV1","target":"projects/framecoin-production/locations/us-central1/functions/deployToken","type":"UPDATE_FUNCTION","request":{"@type":"type.googleapis.com/google.cloud.functions.v1.CloudFunction","name":"projects/framecoin-production/locations/us-central1/functions/deployToken","httpsTrigger":{"url":"https://us-central1-framecoin-production.cloudfunctions.net/deployToken","securityLevel":"SECURE_ALWAYS"},"status":"ACTIVE","entryPoint":"deployToken","updateTime":"2024-03-24T06:21:07.417Z","versionId":"16","labels":{"deployment-tool":"cli-firebase","firebase-functions-hash":"3403f0075d4317347f143bd674170ff8b950e9dd"},"sourceUploadUrl":"https://storage.googleapis.com/uploads-183039903690.us-central1.cloudfunctions.appspot.com/0aba20ad-c71c-4d3a-b90f-ac75a47f5bea.zip?GoogleAccessId=service-870571884986@gcf-admin-robot.iam.gserviceaccount.com&Expires=1711265079&Signature=dscNbZ90eYMQHYvDat17dCCFSmB6Ge0eiaELi%2Fh%2BnT6RxiNyzNZASdcH1gHVyrFGg%2FB7i7p4iZHewMlqkC2QfmlQMKMZz%2BBt5i%2F1nP77dBWeTu9QeEOK0Eh4fVWgSwQL9%2BXslXrpQM6sm8K%2BA48rEc90o9Bf1TGoGePkpiBOk20awF2CGkFovjhd3ybVg%2Fu6p8V9n6NxOCSjcg1hcFhcYe5np0oEiBEd1FOWlCDH72zSJn%2F1dbWBuQ0Y9QPcV9GYSlo79%2BwQe%2FqbCsQWxkk4qf%2FJ%2BRs%2FMRT144G76xIwMK9LpZPaoW4rVISY%2FJPDiWy1VQtnnIMG2CRyYGjM08Ic8A%3D%3D","environmentVariables":{"FIREBASE_CONFIG":"{\"projectId\":\"framecoin-production\",\"storageBucket\":\"framecoin-production.appspot.com\"}","GCLOUD_PROJECT":"framecoin-production","FIRESTORE_PREFER_REST":"true","EVENTARC_CLOUD_EVENT_SOURCE":"projects/framecoin-production/locations/us-central1/functions/deployToken"},"runtime":"nodejs18","buildId":"cb2f5900-4e9c-4563-8a6f-4c752fe25b88","buildEnvironmentVariables":{"GOOGLE_NODE_RUN_SCRIPTS":""},"minInstances":1,"buildName":"projects/870571884986/locations/us-central1/builds/cb2f5900-4e9c-4563-8a6f-4c752fe25b88","dockerRegistry":"ARTIFACT_REGISTRY","automaticUpdatePolicy":{}},"versionId":"17","updateTime":"2024-03-24T06:54:42Z","buildId":"d262e8cf-1763-4a6c-b08a-662c4fbd5b82","buildName":"projects/870571884986/locations/us-central1/builds/d262e8cf-1763-4a6c-b08a-662c4fbd5b82"}}
[debug] [2024-03-24T06:54:47.293Z] [update-default-us-central1-deployToken] Retrying task index 0
[debug] [2024-03-24T06:54:47.298Z] >>> [apiv2][query] GET https://cloudfunctions.googleapis.com/v1/operations/ZnJhbWVjb2luLXByb2R1Y3Rpb24vdXMtY2VudHJhbDEvZGVwbG95VG9rZW4vZXdUVHEzUkk0Ylk [none]
[debug] [2024-03-24T06:54:47.766Z] <<< [apiv2][status] GET https://cloudfunctions.googleapis.com/v1/operations/ZnJhbWVjb2luLXByb2R1Y3Rpb24vdXMtY2VudHJhbDEvZGVwbG95VG9rZW4vZXdUVHEzUkk0Ylk 200
[debug] [2024-03-24T06:54:47.766Z] <<< [apiv2][body] GET https://cloudfunctions.googleapis.com/v1/operations/ZnJhbWVjb2luLXByb2R1Y3Rpb24vdXMtY2VudHJhbDEvZGVwbG95VG9rZW4vZXdUVHEzUkk0Ylk {"name":"operations/ZnJhbWVjb2luLXByb2R1Y3Rpb24vdXMtY2VudHJhbDEvZGVwbG95VG9rZW4vZXdUVHEzUkk0Ylk","metadata":{"@type":"type.googleapis.com/google.cloud.functions.v1.OperationMetadataV1","target":"projects/framecoin-production/locations/us-central1/functions/deployToken","type":"UPDATE_FUNCTION","request":{"@type":"type.googleapis.com/google.cloud.functions.v1.CloudFunction","name":"projects/framecoin-production/locations/us-central1/functions/deployToken","httpsTrigger":{"url":"https://us-central1-framecoin-production.cloudfunctions.net/deployToken","securityLevel":"SECURE_ALWAYS"},"status":"ACTIVE","entryPoint":"deployToken","updateTime":"2024-03-24T06:21:07.417Z","versionId":"16","labels":{"deployment-tool":"cli-firebase","firebase-functions-hash":"3403f0075d4317347f143bd674170ff8b950e9dd"},"sourceUploadUrl":"https://storage.googleapis.com/uploads-183039903690.us-central1.cloudfunctions.appspot.com/0aba20ad-c71c-4d3a-b90f-ac75a47f5bea.zip?GoogleAccessId=service-870571884986@gcf-admin-robot.iam.gserviceaccount.com&Expires=1711265079&Signature=dscNbZ90eYMQHYvDat17dCCFSmB6Ge0eiaELi%2Fh%2BnT6RxiNyzNZASdcH1gHVyrFGg%2FB7i7p4iZHewMlqkC2QfmlQMKMZz%2BBt5i%2F1nP77dBWeTu9QeEOK0Eh4fVWgSwQL9%2BXslXrpQM6sm8K%2BA48rEc90o9Bf1TGoGePkpiBOk20awF2CGkFovjhd3ybVg%2Fu6p8V9n6NxOCSjcg1hcFhcYe5np0oEiBEd1FOWlCDH72zSJn%2F1dbWBuQ0Y9QPcV9GYSlo79%2BwQe%2FqbCsQWxkk4qf%2FJ%2BRs%2FMRT144G76xIwMK9LpZPaoW4rVISY%2FJPDiWy1VQtnnIMG2CRyYGjM08Ic8A%3D%3D","environmentVariables":{"FIREBASE_CONFIG":"{\"projectId\":\"framecoin-production\",\"storageBucket\":\"framecoin-production.appspot.com\"}","GCLOUD_PROJECT":"framecoin-production","FIRESTORE_PREFER_REST":"true","EVENTARC_CLOUD_EVENT_SOURCE":"projects/framecoin-production/locations/us-central1/functions/deployToken"},"runtime":"nodejs18","buildId":"cb2f5900-4e9c-4563-8a6f-4c752fe25b88","buildEnvironmentVariables":{"GOOGLE_NODE_RUN_SCRIPTS":""},"minInstances":1,"buildName":"projects/870571884986/locations/us-central1/builds/cb2f5900-4e9c-4563-8a6f-4c752fe25b88","dockerRegistry":"ARTIFACT_REGISTRY","automaticUpdatePolicy":{}},"versionId":"17","updateTime":"2024-03-24T06:54:42Z","buildId":"d262e8cf-1763-4a6c-b08a-662c4fbd5b82","buildName":"projects/870571884986/locations/us-central1/builds/d262e8cf-1763-4a6c-b08a-662c4fbd5b82"}}
[debug] [2024-03-24T06:54:51.774Z] [update-default-us-central1-deployToken] Retrying task index 0
[debug] [2024-03-24T06:54:51.778Z] >>> [apiv2][query] GET https://cloudfunctions.googleapis.com/v1/operations/ZnJhbWVjb2luLXByb2R1Y3Rpb24vdXMtY2VudHJhbDEvZGVwbG95VG9rZW4vZXdUVHEzUkk0Ylk [none]
[debug] [2024-03-24T06:54:52.207Z] <<< [apiv2][status] GET https://cloudfunctions.googleapis.com/v1/operations/ZnJhbWVjb2luLXByb2R1Y3Rpb24vdXMtY2VudHJhbDEvZGVwbG95VG9rZW4vZXdUVHEzUkk0Ylk 200
[debug] [2024-03-24T06:54:52.208Z] <<< [apiv2][body] GET https://cloudfunctions.googleapis.com/v1/operations/ZnJhbWVjb2luLXByb2R1Y3Rpb24vdXMtY2VudHJhbDEvZGVwbG95VG9rZW4vZXdUVHEzUkk0Ylk {"name":"operations/ZnJhbWVjb2luLXByb2R1Y3Rpb24vdXMtY2VudHJhbDEvZGVwbG95VG9rZW4vZXdUVHEzUkk0Ylk","metadata":{"@type":"type.googleapis.com/google.cloud.functions.v1.OperationMetadataV1","target":"projects/framecoin-production/locations/us-central1/functions/deployToken","type":"UPDATE_FUNCTION","request":{"@type":"type.googleapis.com/google.cloud.functions.v1.CloudFunction","name":"projects/framecoin-production/locations/us-central1/functions/deployToken","httpsTrigger":{"url":"https://us-central1-framecoin-production.cloudfunctions.net/deployToken","securityLevel":"SECURE_ALWAYS"},"status":"ACTIVE","entryPoint":"deployToken","updateTime":"2024-03-24T06:21:07.417Z","versionId":"16","labels":{"deployment-tool":"cli-firebase","firebase-functions-hash":"3403f0075d4317347f143bd674170ff8b950e9dd"},"sourceUploadUrl":"https://storage.googleapis.com/uploads-183039903690.us-central1.cloudfunctions.appspot.com/0aba20ad-c71c-4d3a-b90f-ac75a47f5bea.zip?GoogleAccessId=service-870571884986@gcf-admin-robot.iam.gserviceaccount.com&Expires=1711265079&Signature=dscNbZ90eYMQHYvDat17dCCFSmB6Ge0eiaELi%2Fh%2BnT6RxiNyzNZASdcH1gHVyrFGg%2FB7i7p4iZHewMlqkC2QfmlQMKMZz%2BBt5i%2F1nP77dBWeTu9QeEOK0Eh4fVWgSwQL9%2BXslXrpQM6sm8K%2BA48rEc90o9Bf1TGoGePkpiBOk20awF2CGkFovjhd3ybVg%2Fu6p8V9n6NxOCSjcg1hcFhcYe5np0oEiBEd1FOWlCDH72zSJn%2F1dbWBuQ0Y9QPcV9GYSlo79%2BwQe%2FqbCsQWxkk4qf%2FJ%2BRs%2FMRT144G76xIwMK9LpZPaoW4rVISY%2FJPDiWy1VQtnnIMG2CRyYGjM08Ic8A%3D%3D","environmentVariables":{"FIREBASE_CONFIG":"{\"projectId\":\"framecoin-production\",\"storageBucket\":\"framecoin-production.appspot.com\"}","GCLOUD_PROJECT":"framecoin-production","FIRESTORE_PREFER_REST":"true","EVENTARC_CLOUD_EVENT_SOURCE":"projects/framecoin-production/locations/us-central1/functions/deployToken"},"runtime":"nodejs18","buildId":"cb2f5900-4e9c-4563-8a6f-4c752fe25b88","buildEnvironmentVariables":{"GOOGLE_NODE_RUN_SCRIPTS":""},"minInstances":1,"buildName":"projects/870571884986/locations/us-central1/builds/cb2f5900-4e9c-4563-8a6f-4c752fe25b88","dockerRegistry":"ARTIFACT_REGISTRY","automaticUpdatePolicy":{}},"versionId":"17","updateTime":"2024-03-24T06:54:42Z","buildId":"d262e8cf-1763-4a6c-b08a-662c4fbd5b82","buildName":"projects/870571884986/locations/us-central1/builds/d262e8cf-1763-4a6c-b08a-662c4fbd5b82"}}
[debug] [2024-03-24T06:55:00.217Z] [update-default-us-central1-deployToken] Retrying task index 0
[debug] [2024-03-24T06:55:00.220Z] >>> [apiv2][query] GET https://cloudfunctions.googleapis.com/v1/operations/ZnJhbWVjb2luLXByb2R1Y3Rpb24vdXMtY2VudHJhbDEvZGVwbG95VG9rZW4vZXdUVHEzUkk0Ylk [none]
[debug] [2024-03-24T06:55:00.647Z] <<< [apiv2][status] GET https://cloudfunctions.googleapis.com/v1/operations/ZnJhbWVjb2luLXByb2R1Y3Rpb24vdXMtY2VudHJhbDEvZGVwbG95VG9rZW4vZXdUVHEzUkk0Ylk 200
[debug] [2024-03-24T06:55:00.647Z] <<< [apiv2][body] GET https://cloudfunctions.googleapis.com/v1/operations/ZnJhbWVjb2luLXByb2R1Y3Rpb24vdXMtY2VudHJhbDEvZGVwbG95VG9rZW4vZXdUVHEzUkk0Ylk {"name":"operations/ZnJhbWVjb2luLXByb2R1Y3Rpb24vdXMtY2VudHJhbDEvZGVwbG95VG9rZW4vZXdUVHEzUkk0Ylk","metadata":{"@type":"type.googleapis.com/google.cloud.functions.v1.OperationMetadataV1","target":"projects/framecoin-production/locations/us-central1/functions/deployToken","type":"UPDATE_FUNCTION","request":{"@type":"type.googleapis.com/google.cloud.functions.v1.CloudFunction","name":"projects/framecoin-production/locations/us-central1/functions/deployToken","httpsTrigger":{"url":"https://us-central1-framecoin-production.cloudfunctions.net/deployToken","securityLevel":"SECURE_ALWAYS"},"status":"ACTIVE","entryPoint":"deployToken","updateTime":"2024-03-24T06:21:07.417Z","versionId":"16","labels":{"deployment-tool":"cli-firebase","firebase-functions-hash":"3403f0075d4317347f143bd674170ff8b950e9dd"},"sourceUploadUrl":"https://storage.googleapis.com/uploads-183039903690.us-central1.cloudfunctions.appspot.com/0aba20ad-c71c-4d3a-b90f-ac75a47f5bea.zip?GoogleAccessId=service-870571884986@gcf-admin-robot.iam.gserviceaccount.com&Expires=1711265079&Signature=dscNbZ90eYMQHYvDat17dCCFSmB6Ge0eiaELi%2Fh%2BnT6RxiNyzNZASdcH1gHVyrFGg%2FB7i7p4iZHewMlqkC2QfmlQMKMZz%2BBt5i%2F1nP77dBWeTu9QeEOK0Eh4fVWgSwQL9%2BXslXrpQM6sm8K%2BA48rEc90o9Bf1TGoGePkpiBOk20awF2CGkFovjhd3ybVg%2Fu6p8V9n6NxOCSjcg1hcFhcYe5np0oEiBEd1FOWlCDH72zSJn%2F1dbWBuQ0Y9QPcV9GYSlo79%2BwQe%2FqbCsQWxkk4qf%2FJ%2BRs%2FMRT144G76xIwMK9LpZPaoW4rVISY%2FJPDiWy1VQtnnIMG2CRyYGjM08Ic8A%3D%3D","environmentVariables":{"FIREBASE_CONFIG":"{\"projectId\":\"framecoin-production\",\"storageBucket\":\"framecoin-production.appspot.com\"}","GCLOUD_PROJECT":"framecoin-production","FIRESTORE_PREFER_REST":"true","EVENTARC_CLOUD_EVENT_SOURCE":"projects/framecoin-production/locations/us-central1/functions/deployToken"},"runtime":"nodejs18","buildId":"cb2f5900-4e9c-4563-8a6f-4c752fe25b88","buildEnvironmentVariables":{"GOOGLE_NODE_RUN_SCRIPTS":""},"minInstances":1,"buildName":"projects/870571884986/locations/us-central1/builds/cb2f5900-4e9c-4563-8a6f-4c752fe25b88","dockerRegistry":"ARTIFACT_REGISTRY","automaticUpdatePolicy":{}},"versionId":"17","updateTime":"2024-03-24T06:54:42Z","buildId":"d262e8cf-1763-4a6c-b08a-662c4fbd5b82","buildName":"projects/870571884986/locations/us-central1/builds/d262e8cf-1763-4a6c-b08a-662c4fbd5b82"}}
[debug] [2024-03-24T06:55:10.654Z] [update-default-us-central1-deployToken] Retrying task index 0
[debug] [2024-03-24T06:55:10.664Z] >>> [apiv2][query] GET https://cloudfunctions.googleapis.com/v1/operations/ZnJhbWVjb2luLXByb2R1Y3Rpb24vdXMtY2VudHJhbDEvZGVwbG95VG9rZW4vZXdUVHEzUkk0Ylk [none]
[debug] [2024-03-24T06:55:11.133Z] <<< [apiv2][status] GET https://cloudfunctions.googleapis.com/v1/operations/ZnJhbWVjb2luLXByb2R1Y3Rpb24vdXMtY2VudHJhbDEvZGVwbG95VG9rZW4vZXdUVHEzUkk0Ylk 200
[debug] [2024-03-24T06:55:11.133Z] <<< [apiv2][body] GET https://cloudfunctions.googleapis.com/v1/operations/ZnJhbWVjb2luLXByb2R1Y3Rpb24vdXMtY2VudHJhbDEvZGVwbG95VG9rZW4vZXdUVHEzUkk0Ylk {"name":"operations/ZnJhbWVjb2luLXByb2R1Y3Rpb24vdXMtY2VudHJhbDEvZGVwbG95VG9rZW4vZXdUVHEzUkk0Ylk","metadata":{"@type":"type.googleapis.com/google.cloud.functions.v1.OperationMetadataV1","target":"projects/framecoin-production/locations/us-central1/functions/deployToken","type":"UPDATE_FUNCTION","request":{"@type":"type.googleapis.com/google.cloud.functions.v1.CloudFunction","name":"projects/framecoin-production/locations/us-central1/functions/deployToken","httpsTrigger":{"url":"https://us-central1-framecoin-production.cloudfunctions.net/deployToken","securityLevel":"SECURE_ALWAYS"},"status":"ACTIVE","entryPoint":"deployToken","updateTime":"2024-03-24T06:21:07.417Z","versionId":"16","labels":{"deployment-tool":"cli-firebase","firebase-functions-hash":"3403f0075d4317347f143bd674170ff8b950e9dd"},"sourceUploadUrl":"https://storage.googleapis.com/uploads-183039903690.us-central1.cloudfunctions.appspot.com/0aba20ad-c71c-4d3a-b90f-ac75a47f5bea.zip?GoogleAccessId=service-870571884986@gcf-admin-robot.iam.gserviceaccount.com&Expires=1711265079&Signature=dscNbZ90eYMQHYvDat17dCCFSmB6Ge0eiaELi%2Fh%2BnT6RxiNyzNZASdcH1gHVyrFGg%2FB7i7p4iZHewMlqkC2QfmlQMKMZz%2BBt5i%2F1nP77dBWeTu9QeEOK0Eh4fVWgSwQL9%2BXslXrpQM6sm8K%2BA48rEc90o9Bf1TGoGePkpiBOk20awF2CGkFovjhd3ybVg%2Fu6p8V9n6NxOCSjcg1hcFhcYe5np0oEiBEd1FOWlCDH72zSJn%2F1dbWBuQ0Y9QPcV9GYSlo79%2BwQe%2FqbCsQWxkk4qf%2FJ%2BRs%2FMRT144G76xIwMK9LpZPaoW4rVISY%2FJPDiWy1VQtnnIMG2CRyYGjM08Ic8A%3D%3D","environmentVariables":{"FIREBASE_CONFIG":"{\"projectId\":\"framecoin-production\",\"storageBucket\":\"framecoin-production.appspot.com\"}","GCLOUD_PROJECT":"framecoin-production","FIRESTORE_PREFER_REST":"true","EVENTARC_CLOUD_EVENT_SOURCE":"projects/framecoin-production/locations/us-central1/functions/deployToken"},"runtime":"nodejs18","buildId":"cb2f5900-4e9c-4563-8a6f-4c752fe25b88","buildEnvironmentVariables":{"GOOGLE_NODE_RUN_SCRIPTS":""},"minInstances":1,"buildName":"projects/870571884986/locations/us-central1/builds/cb2f5900-4e9c-4563-8a6f-4c752fe25b88","dockerRegistry":"ARTIFACT_REGISTRY","automaticUpdatePolicy":{}},"versionId":"17","updateTime":"2024-03-24T06:54:42Z","buildId":"d262e8cf-1763-4a6c-b08a-662c4fbd5b82","buildName":"projects/870571884986/locations/us-central1/builds/d262e8cf-1763-4a6c-b08a-662c4fbd5b82"}}
[debug] [2024-03-24T06:55:21.139Z] [update-default-us-central1-deployToken] Retrying task index 0
[debug] [2024-03-24T06:55:21.144Z] >>> [apiv2][query] GET https://cloudfunctions.googleapis.com/v1/operations/ZnJhbWVjb2luLXByb2R1Y3Rpb24vdXMtY2VudHJhbDEvZGVwbG95VG9rZW4vZXdUVHEzUkk0Ylk [none]
[debug] [2024-03-24T06:55:21.651Z] <<< [apiv2][status] GET https://cloudfunctions.googleapis.com/v1/operations/ZnJhbWVjb2luLXByb2R1Y3Rpb24vdXMtY2VudHJhbDEvZGVwbG95VG9rZW4vZXdUVHEzUkk0Ylk 200
[debug] [2024-03-24T06:55:21.651Z] <<< [apiv2][body] GET https://cloudfunctions.googleapis.com/v1/operations/ZnJhbWVjb2luLXByb2R1Y3Rpb24vdXMtY2VudHJhbDEvZGVwbG95VG9rZW4vZXdUVHEzUkk0Ylk {"name":"operations/ZnJhbWVjb2luLXByb2R1Y3Rpb24vdXMtY2VudHJhbDEvZGVwbG95VG9rZW4vZXdUVHEzUkk0Ylk","metadata":{"@type":"type.googleapis.com/google.cloud.functions.v1.OperationMetadataV1","target":"projects/framecoin-production/locations/us-central1/functions/deployToken","type":"UPDATE_FUNCTION","request":{"@type":"type.googleapis.com/google.cloud.functions.v1.CloudFunction","name":"projects/framecoin-production/locations/us-central1/functions/deployToken","httpsTrigger":{"url":"https://us-central1-framecoin-production.cloudfunctions.net/deployToken","securityLevel":"SECURE_ALWAYS"},"status":"ACTIVE","entryPoint":"deployToken","updateTime":"2024-03-24T06:21:07.417Z","versionId":"16","labels":{"deployment-tool":"cli-firebase","firebase-functions-hash":"3403f0075d4317347f143bd674170ff8b950e9dd"},"sourceUploadUrl":"https://storage.googleapis.com/uploads-183039903690.us-central1.cloudfunctions.appspot.com/0aba20ad-c71c-4d3a-b90f-ac75a47f5bea.zip?GoogleAccessId=service-870571884986@gcf-admin-robot.iam.gserviceaccount.com&Expires=1711265079&Signature=dscNbZ90eYMQHYvDat17dCCFSmB6Ge0eiaELi%2Fh%2BnT6RxiNyzNZASdcH1gHVyrFGg%2FB7i7p4iZHewMlqkC2QfmlQMKMZz%2BBt5i%2F1nP77dBWeTu9QeEOK0Eh4fVWgSwQL9%2BXslXrpQM6sm8K%2BA48rEc90o9Bf1TGoGePkpiBOk20awF2CGkFovjhd3ybVg%2Fu6p8V9n6NxOCSjcg1hcFhcYe5np0oEiBEd1FOWlCDH72zSJn%2F1dbWBuQ0Y9QPcV9GYSlo79%2BwQe%2FqbCsQWxkk4qf%2FJ%2BRs%2FMRT144G76xIwMK9LpZPaoW4rVISY%2FJPDiWy1VQtnnIMG2CRyYGjM08Ic8A%3D%3D","environmentVariables":{"FIREBASE_CONFIG":"{\"projectId\":\"framecoin-production\",\"storageBucket\":\"framecoin-production.appspot.com\"}","GCLOUD_PROJECT":"framecoin-production","FIRESTORE_PREFER_REST":"true","EVENTARC_CLOUD_EVENT_SOURCE":"projects/framecoin-production/locations/us-central1/functions/deployToken"},"runtime":"nodejs18","buildId":"cb2f5900-4e9c-4563-8a6f-4c752fe25b88","buildEnvironmentVariables":{"GOOGLE_NODE_RUN_SCRIPTS":""},"minInstances":1,"buildName":"projects/870571884986/locations/us-central1/builds/cb2f5900-4e9c-4563-8a6f-4c752fe25b88","dockerRegistry":"ARTIFACT_REGISTRY","automaticUpdatePolicy":{}},"versionId":"17","updateTime":"2024-03-24T06:54:42Z","buildId":"d262e8cf-1763-4a6c-b08a-662c4fbd5b82","buildName":"projects/870571884986/locations/us-central1/builds/d262e8cf-1763-4a6c-b08a-662c4fbd5b82"}}
[debug] [2024-03-24T06:55:31.673Z] [update-default-us-central1-deployToken] Retrying task index 0
[debug] [2024-03-24T06:55:31.684Z] >>> [apiv2][query] GET https://cloudfunctions.googleapis.com/v1/operations/ZnJhbWVjb2luLXByb2R1Y3Rpb24vdXMtY2VudHJhbDEvZGVwbG95VG9rZW4vZXdUVHEzUkk0Ylk [none]
[debug] [2024-03-24T06:55:32.117Z] <<< [apiv2][status] GET https://cloudfunctions.googleapis.com/v1/operations/ZnJhbWVjb2luLXByb2R1Y3Rpb24vdXMtY2VudHJhbDEvZGVwbG95VG9rZW4vZXdUVHEzUkk0Ylk 200
[debug] [2024-03-24T06:55:32.117Z] <<< [apiv2][body] GET https://cloudfunctions.googleapis.com/v1/operations/ZnJhbWVjb2luLXByb2R1Y3Rpb24vdXMtY2VudHJhbDEvZGVwbG95VG9rZW4vZXdUVHEzUkk0Ylk {"name":"operations/ZnJhbWVjb2luLXByb2R1Y3Rpb24vdXMtY2VudHJhbDEvZGVwbG95VG9rZW4vZXdUVHEzUkk0Ylk","metadata":{"@type":"type.googleapis.com/google.cloud.functions.v1.OperationMetadataV1","target":"projects/framecoin-production/locations/us-central1/functions/deployToken","type":"UPDATE_FUNCTION","request":{"@type":"type.googleapis.com/google.cloud.functions.v1.CloudFunction","name":"projects/framecoin-production/locations/us-central1/functions/deployToken","httpsTrigger":{"url":"https://us-central1-framecoin-production.cloudfunctions.net/deployToken","securityLevel":"SECURE_ALWAYS"},"status":"ACTIVE","entryPoint":"deployToken","updateTime":"2024-03-24T06:21:07.417Z","versionId":"16","labels":{"deployment-tool":"cli-firebase","firebase-functions-hash":"3403f0075d4317347f143bd674170ff8b950e9dd"},"sourceUploadUrl":"https://storage.googleapis.com/uploads-183039903690.us-central1.cloudfunctions.appspot.com/0aba20ad-c71c-4d3a-b90f-ac75a47f5bea.zip?GoogleAccessId=service-870571884986@gcf-admin-robot.iam.gserviceaccount.com&Expires=1711265079&Signature=dscNbZ90eYMQHYvDat17dCCFSmB6Ge0eiaELi%2Fh%2BnT6RxiNyzNZASdcH1gHVyrFGg%2FB7i7p4iZHewMlqkC2QfmlQMKMZz%2BBt5i%2F1nP77dBWeTu9QeEOK0Eh4fVWgSwQL9%2BXslXrpQM6sm8K%2BA48rEc90o9Bf1TGoGePkpiBOk20awF2CGkFovjhd3ybVg%2Fu6p8V9n6NxOCSjcg1hcFhcYe5np0oEiBEd1FOWlCDH72zSJn%2F1dbWBuQ0Y9QPcV9GYSlo79%2BwQe%2FqbCsQWxkk4qf%2FJ%2BRs%2FMRT144G76xIwMK9LpZPaoW4rVISY%2FJPDiWy1VQtnnIMG2CRyYGjM08Ic8A%3D%3D","environmentVariables":{"FIREBASE_CONFIG":"{\"projectId\":\"framecoin-production\",\"storageBucket\":\"framecoin-production.appspot.com\"}","GCLOUD_PROJECT":"framecoin-production","FIRESTORE_PREFER_REST":"true","EVENTARC_CLOUD_EVENT_SOURCE":"projects/framecoin-production/locations/us-central1/functions/deployToken"},"runtime":"nodejs18","buildId":"cb2f5900-4e9c-4563-8a6f-4c752fe25b88","buildEnvironmentVariables":{"GOOGLE_NODE_RUN_SCRIPTS":""},"minInstances":1,"buildName":"projects/870571884986/locations/us-central1/builds/cb2f5900-4e9c-4563-8a6f-4c752fe25b88","dockerRegistry":"ARTIFACT_REGISTRY","automaticUpdatePolicy":{}},"versionId":"17","updateTime":"2024-03-24T06:54:42Z","buildId":"d262e8cf-1763-4a6c-b08a-662c4fbd5b82","buildName":"projects/870571884986/locations/us-central1/builds/d262e8cf-1763-4a6c-b08a-662c4fbd5b82"}}
[debug] [2024-03-24T06:55:42.125Z] [update-default-us-central1-deployToken] Retrying task index 0
[debug] [2024-03-24T06:55:42.130Z] >>> [apiv2][query] GET https://cloudfunctions.googleapis.com/v1/operations/ZnJhbWVjb2luLXByb2R1Y3Rpb24vdXMtY2VudHJhbDEvZGVwbG95VG9rZW4vZXdUVHEzUkk0Ylk [none]
[debug] [2024-03-24T06:55:42.658Z] <<< [apiv2][status] GET https://cloudfunctions.googleapis.com/v1/operations/ZnJhbWVjb2luLXByb2R1Y3Rpb24vdXMtY2VudHJhbDEvZGVwbG95VG9rZW4vZXdUVHEzUkk0Ylk 200
[debug] [2024-03-24T06:55:42.659Z] <<< [apiv2][body] GET https://cloudfunctions.googleapis.com/v1/operations/ZnJhbWVjb2luLXByb2R1Y3Rpb24vdXMtY2VudHJhbDEvZGVwbG95VG9rZW4vZXdUVHEzUkk0Ylk {"name":"operations/ZnJhbWVjb2luLXByb2R1Y3Rpb24vdXMtY2VudHJhbDEvZGVwbG95VG9rZW4vZXdUVHEzUkk0Ylk","metadata":{"@type":"type.googleapis.com/google.cloud.functions.v1.OperationMetadataV1","target":"projects/framecoin-production/locations/us-central1/functions/deployToken","type":"UPDATE_FUNCTION","request":{"@type":"type.googleapis.com/google.cloud.functions.v1.CloudFunction","name":"projects/framecoin-production/locations/us-central1/functions/deployToken","httpsTrigger":{"url":"https://us-central1-framecoin-production.cloudfunctions.net/deployToken","securityLevel":"SECURE_ALWAYS"},"status":"ACTIVE","entryPoint":"deployToken","updateTime":"2024-03-24T06:21:07.417Z","versionId":"16","labels":{"deployment-tool":"cli-firebase","firebase-functions-hash":"3403f0075d4317347f143bd674170ff8b950e9dd"},"sourceUploadUrl":"https://storage.googleapis.com/uploads-183039903690.us-central1.cloudfunctions.appspot.com/0aba20ad-c71c-4d3a-b90f-ac75a47f5bea.zip?GoogleAccessId=service-870571884986@gcf-admin-robot.iam.gserviceaccount.com&Expires=1711265079&Signature=dscNbZ90eYMQHYvDat17dCCFSmB6Ge0eiaELi%2Fh%2BnT6RxiNyzNZASdcH1gHVyrFGg%2FB7i7p4iZHewMlqkC2QfmlQMKMZz%2BBt5i%2F1nP77dBWeTu9QeEOK0Eh4fVWgSwQL9%2BXslXrpQM6sm8K%2BA48rEc90o9Bf1TGoGePkpiBOk20awF2CGkFovjhd3ybVg%2Fu6p8V9n6NxOCSjcg1hcFhcYe5np0oEiBEd1FOWlCDH72zSJn%2F1dbWBuQ0Y9QPcV9GYSlo79%2BwQe%2FqbCsQWxkk4qf%2FJ%2BRs%2FMRT144G76xIwMK9LpZPaoW4rVISY%2FJPDiWy1VQtnnIMG2CRyYGjM08Ic8A%3D%3D","environmentVariables":{"FIREBASE_CONFIG":"{\"projectId\":\"framecoin-production\",\"storageBucket\":\"framecoin-production.appspot.com\"}","GCLOUD_PROJECT":"framecoin-production","FIRESTORE_PREFER_REST":"true","EVENTARC_CLOUD_EVENT_SOURCE":"projects/framecoin-production/locations/us-central1/functions/deployToken"},"runtime":"nodejs18","buildId":"cb2f5900-4e9c-4563-8a6f-4c752fe25b88","buildEnvironmentVariables":{"GOOGLE_NODE_RUN_SCRIPTS":""},"minInstances":1,"buildName":"projects/870571884986/locations/us-central1/builds/cb2f5900-4e9c-4563-8a6f-4c752fe25b88","dockerRegistry":"ARTIFACT_REGISTRY","automaticUpdatePolicy":{}},"versionId":"17","updateTime":"2024-03-24T06:54:42Z","buildId":"d262e8cf-1763-4a6c-b08a-662c4fbd5b82","sourceToken":"fa4461fd-2ef8-4ac1-bc45-bea353b3b0f2","buildName":"projects/870571884986/locations/us-central1/builds/d262e8cf-1763-4a6c-b08a-662c4fbd5b82"}}
[debug] [2024-03-24T06:55:42.659Z] Got source token fa4461fd-2ef8-4ac1-bc45-bea353b3b0f2 for region us-central1
