[debug] [2024-03-23T13:07:31.150Z] ----------------------------------------------------------------------
[debug] [2024-03-23T13:07:31.151Z] Command:       /Users/bilalmotiwala/.nvm/versions/node/v18.18.2/bin/node /Users/bilalmotiwala/.nvm/versions/node/v18.18.2/bin/firebase deploy --only functions:startCreateToken
[debug] [2024-03-23T13:07:31.151Z] CLI Version:   12.8.1
[debug] [2024-03-23T13:07:31.151Z] Platform:      darwin
[debug] [2024-03-23T13:07:31.151Z] Node Version:  v18.18.2
[debug] [2024-03-23T13:07:31.152Z] Time:          Sat Mar 23 2024 21:07:31 GMT+0800 (Malaysia Time)
[debug] [2024-03-23T13:07:31.152Z] ----------------------------------------------------------------------
[debug] 
[debug] [2024-03-23T13:07:31.188Z] > command requires scopes: ["email","openid","https://www.googleapis.com/auth/cloudplatformprojects.readonly","https://www.googleapis.com/auth/firebase","https://www.googleapis.com/auth/cloud-platform"]
[debug] [2024-03-23T13:07:31.188Z] > authorizing via signed-in user (bilal@pyme.team)
[debug] [2024-03-23T13:07:31.188Z] [iam] checking project framecoin-production for permissions ["cloudfunctions.functions.create","cloudfunctions.functions.delete","cloudfunctions.functions.get","cloudfunctions.functions.list","cloudfunctions.functions.update","cloudfunctions.operations.get","firebase.projects.get"]
[debug] [2024-03-23T13:07:31.189Z] > refreshing access token with scopes: []
[debug] [2024-03-23T13:07:31.189Z] >>> [apiv2][query] POST https://www.googleapis.com/oauth2/v3/token [none]
[debug] [2024-03-23T13:07:31.189Z] >>> [apiv2][body] POST https://www.googleapis.com/oauth2/v3/token [omitted]
[debug] [2024-03-23T13:07:31.376Z] <<< [apiv2][status] POST https://www.googleapis.com/oauth2/v3/token 200
[debug] [2024-03-23T13:07:31.377Z] <<< [apiv2][body] POST https://www.googleapis.com/oauth2/v3/token [omitted]
[debug] [2024-03-23T13:07:31.389Z] >>> [apiv2][query] POST https://cloudresourcemanager.googleapis.com/v1/projects/framecoin-production:testIamPermissions [none]
[debug] [2024-03-23T13:07:31.389Z] >>> [apiv2][(partial)header] POST https://cloudresourcemanager.googleapis.com/v1/projects/framecoin-production:testIamPermissions x-goog-quota-user=projects/framecoin-production
[debug] [2024-03-23T13:07:31.389Z] >>> [apiv2][body] POST https://cloudresourcemanager.googleapis.com/v1/projects/framecoin-production:testIamPermissions {"permissions":["cloudfunctions.functions.create","cloudfunctions.functions.delete","cloudfunctions.functions.get","cloudfunctions.functions.list","cloudfunctions.functions.update","cloudfunctions.operations.get","firebase.projects.get"]}
[debug] [2024-03-23T13:07:32.516Z] <<< [apiv2][status] POST https://cloudresourcemanager.googleapis.com/v1/projects/framecoin-production:testIamPermissions 200
[debug] [2024-03-23T13:07:32.516Z] <<< [apiv2][body] POST https://cloudresourcemanager.googleapis.com/v1/projects/framecoin-production:testIamPermissions {"permissions":["cloudfunctions.functions.create","cloudfunctions.functions.delete","cloudfunctions.functions.get","cloudfunctions.functions.list","cloudfunctions.functions.update","cloudfunctions.operations.get","firebase.projects.get"]}
[debug] [2024-03-23T13:07:32.517Z] >>> [apiv2][query] POST https://iam.googleapis.com/v1/projects/framecoin-production/serviceAccounts/framecoin-production@appspot.gserviceaccount.com:testIamPermissions [none]
[debug] [2024-03-23T13:07:32.517Z] >>> [apiv2][body] POST https://iam.googleapis.com/v1/projects/framecoin-production/serviceAccounts/framecoin-production@appspot.gserviceaccount.com:testIamPermissions {"permissions":["iam.serviceAccounts.actAs"]}
[debug] [2024-03-23T13:07:33.943Z] <<< [apiv2][status] POST https://iam.googleapis.com/v1/projects/framecoin-production/serviceAccounts/framecoin-production@appspot.gserviceaccount.com:testIamPermissions 200
[debug] [2024-03-23T13:07:33.944Z] <<< [apiv2][body] POST https://iam.googleapis.com/v1/projects/framecoin-production/serviceAccounts/framecoin-production@appspot.gserviceaccount.com:testIamPermissions {"permissions":["iam.serviceAccounts.actAs"]}
[info] 
[info] === Deploying to 'framecoin-production'...
[info] 
[info] i  deploying functions 
[debug] [2024-03-23T13:07:33.950Z] >>> [apiv2][query] GET https://firebase.googleapis.com/v1beta1/projects/framecoin-production [none]
[debug] [2024-03-23T13:07:34.341Z] <<< [apiv2][status] GET https://firebase.googleapis.com/v1beta1/projects/framecoin-production 200
[debug] [2024-03-23T13:07:34.341Z] <<< [apiv2][body] GET https://firebase.googleapis.com/v1beta1/projects/framecoin-production {"projectId":"framecoin-production","projectNumber":"870571884986","displayName":"framecoin","name":"projects/framecoin-production","resources":{"hostingSite":"framecoin-production"},"state":"ACTIVE","etag":"1_fc3e65d5-a861-4fd8-a5ce-c7fc1db25864"}
[info] i  functions: preparing codebase default for deployment 
[info] i  functions: ensuring required API cloudfunctions.googleapis.com is enabled... 
[info] i  functions: ensuring required API cloudbuild.googleapis.com is enabled... 
[info] i  artifactregistry: ensuring required API artifactregistry.googleapis.com is enabled... 
[debug] [2024-03-23T13:07:34.343Z] >>> [apiv2][query] GET https://serviceusage.googleapis.com/v1/projects/framecoin-production/services/cloudfunctions.googleapis.com [none]
[debug] [2024-03-23T13:07:34.343Z] >>> [apiv2][(partial)header] GET https://serviceusage.googleapis.com/v1/projects/framecoin-production/services/cloudfunctions.googleapis.com x-goog-quota-user=projects/framecoin-production
[debug] [2024-03-23T13:07:34.344Z] >>> [apiv2][query] GET https://serviceusage.googleapis.com/v1/projects/framecoin-production/services/runtimeconfig.googleapis.com [none]
[debug] [2024-03-23T13:07:34.344Z] >>> [apiv2][(partial)header] GET https://serviceusage.googleapis.com/v1/projects/framecoin-production/services/runtimeconfig.googleapis.com x-goog-quota-user=projects/framecoin-production
[debug] [2024-03-23T13:07:34.345Z] >>> [apiv2][query] GET https://serviceusage.googleapis.com/v1/projects/framecoin-production/services/cloudbuild.googleapis.com [none]
[debug] [2024-03-23T13:07:34.345Z] >>> [apiv2][(partial)header] GET https://serviceusage.googleapis.com/v1/projects/framecoin-production/services/cloudbuild.googleapis.com x-goog-quota-user=projects/framecoin-production
[debug] [2024-03-23T13:07:34.346Z] >>> [apiv2][query] GET https://serviceusage.googleapis.com/v1/projects/framecoin-production/services/artifactregistry.googleapis.com [none]
[debug] [2024-03-23T13:07:34.346Z] >>> [apiv2][(partial)header] GET https://serviceusage.googleapis.com/v1/projects/framecoin-production/services/artifactregistry.googleapis.com x-goog-quota-user=projects/framecoin-production
[debug] [2024-03-23T13:07:35.828Z] <<< [apiv2][status] GET https://serviceusage.googleapis.com/v1/projects/framecoin-production/services/cloudfunctions.googleapis.com 200
[debug] [2024-03-23T13:07:35.828Z] <<< [apiv2][body] GET https://serviceusage.googleapis.com/v1/projects/framecoin-production/services/cloudfunctions.googleapis.com [omitted]
[info] ✔  functions: required API cloudfunctions.googleapis.com is enabled 
[debug] [2024-03-23T13:07:35.829Z] <<< [apiv2][status] GET https://serviceusage.googleapis.com/v1/projects/framecoin-production/services/artifactregistry.googleapis.com 200
[debug] [2024-03-23T13:07:35.829Z] <<< [apiv2][body] GET https://serviceusage.googleapis.com/v1/projects/framecoin-production/services/artifactregistry.googleapis.com [omitted]
[info] ✔  artifactregistry: required API artifactregistry.googleapis.com is enabled 
[debug] [2024-03-23T13:07:35.854Z] <<< [apiv2][status] GET https://serviceusage.googleapis.com/v1/projects/framecoin-production/services/cloudbuild.googleapis.com 200
[debug] [2024-03-23T13:07:35.854Z] <<< [apiv2][body] GET https://serviceusage.googleapis.com/v1/projects/framecoin-production/services/cloudbuild.googleapis.com [omitted]
[info] ✔  functions: required API cloudbuild.googleapis.com is enabled 
[debug] [2024-03-23T13:07:35.859Z] <<< [apiv2][status] GET https://serviceusage.googleapis.com/v1/projects/framecoin-production/services/runtimeconfig.googleapis.com 200
[debug] [2024-03-23T13:07:35.859Z] <<< [apiv2][body] GET https://serviceusage.googleapis.com/v1/projects/framecoin-production/services/runtimeconfig.googleapis.com [omitted]
[debug] [2024-03-23T13:07:35.859Z] >>> [apiv2][query] GET https://firebase.googleapis.com/v1beta1/projects/framecoin-production/adminSdkConfig [none]
[debug] [2024-03-23T13:07:36.357Z] <<< [apiv2][status] GET https://firebase.googleapis.com/v1beta1/projects/framecoin-production/adminSdkConfig 200
[debug] [2024-03-23T13:07:36.357Z] <<< [apiv2][body] GET https://firebase.googleapis.com/v1beta1/projects/framecoin-production/adminSdkConfig {"projectId":"framecoin-production","storageBucket":"framecoin-production.appspot.com"}
[debug] [2024-03-23T13:07:36.358Z] >>> [apiv2][query] GET https://runtimeconfig.googleapis.com/v1beta1/projects/framecoin-production/configs [none]
[debug] [2024-03-23T13:07:36.748Z] <<< [apiv2][status] GET https://runtimeconfig.googleapis.com/v1beta1/projects/framecoin-production/configs 200
[debug] [2024-03-23T13:07:36.749Z] <<< [apiv2][body] GET https://runtimeconfig.googleapis.com/v1beta1/projects/framecoin-production/configs {}
[debug] [2024-03-23T13:07:36.752Z] Validating nodejs source
[debug] [2024-03-23T13:07:37.217Z] > [functions] package.json contents: {
  "name": "functions",
  "description": "Cloud Functions for Firebase",
  "scripts": {
    "serve": "firebase emulators:start --only functions",
    "shell": "firebase functions:shell",
    "start": "npm run shell",
    "deploy": "firebase deploy --only functions",
    "logs": "firebase functions:log"
  },
  "engines": {
    "node": "18"
  },
  "main": "index.js",
  "dependencies": {
    "@coinbase/onchainkit": "^0.11.0",
    "canvas": "^2.11.2",
    "cors": "^2.8.5",
    "dotenv": "^16.4.5",
    "firebase-admin": "^11.8.0",
    "firebase-functions": "^4.3.1",
    "viem": "^2.8.18"
  },
  "devDependencies": {
    "firebase-functions-test": "^3.1.0"
  },
  "private": true
}
[debug] [2024-03-23T13:07:37.218Z] Building nodejs source
[info] i  functions: Loading and analyzing source code for codebase default to determine what to deploy 
[debug] [2024-03-23T13:07:37.218Z] Could not find functions.yaml. Must use http discovery
[debug] [2024-03-23T13:07:37.223Z] Found firebase-functions binary at '/Users/bilalmotiwala/Desktop/framecoin/dapp/functions/node_modules/.bin/firebase-functions'
[info] Serving at port 8711

[debug] [2024-03-23T13:07:37.781Z] Got response from /__/functions.yaml {"endpoints":{"startCreateToken":{"platform":"gcfv1","availableMemoryMb":null,"timeoutSeconds":null,"minInstances":null,"maxInstances":null,"ingressSettings":null,"serviceAccountEmail":null,"vpc":null,"httpsTrigger":{},"entryPoint":"startCreateToken"},"saveName":{"platform":"gcfv1","availableMemoryMb":null,"timeoutSeconds":null,"minInstances":null,"maxInstances":null,"ingressSettings":null,"serviceAccountEmail":null,"vpc":null,"httpsTrigger":{},"entryPoint":"saveName"},"saveTicker":{"platform":"gcfv1","availableMemoryMb":null,"timeoutSeconds":null,"minInstances":null,"maxInstances":null,"ingressSettings":null,"serviceAccountEmail":null,"vpc":null,"httpsTrigger":{},"entryPoint":"saveTicker"}},"specVersion":"v1alpha1","requiredAPIs":[]}
[info] i  functions: Loaded environment variables from .env. 
[info] i  functions: preparing functions directory for uploading... 
[info] i  functions: packaged /Users/bilalmotiwala/Desktop/framecoin/dapp/functions (1.38 MB) for uploading 
[debug] [2024-03-23T13:07:37.840Z] >>> [apiv2][query] GET https://cloudfunctions.googleapis.com/v1/projects/framecoin-production/locations/-/functions [none]
[debug] [2024-03-23T13:07:38.544Z] <<< [apiv2][status] GET https://cloudfunctions.googleapis.com/v1/projects/framecoin-production/locations/-/functions 200
[debug] [2024-03-23T13:07:38.544Z] <<< [apiv2][body] GET https://cloudfunctions.googleapis.com/v1/projects/framecoin-production/locations/-/functions {"functions":[{"name":"projects/framecoin-production/locations/us-central1/functions/saveName","httpsTrigger":{"url":"https://us-central1-framecoin-production.cloudfunctions.net/saveName","securityLevel":"SECURE_ALWAYS"},"status":"ACTIVE","entryPoint":"saveName","timeout":"60s","availableMemoryMb":256,"serviceAccountEmail":"framecoin-production@appspot.gserviceaccount.com","updateTime":"2024-03-23T11:47:13.456Z","versionId":"4","labels":{"deployment-tool":"cli-firebase","firebase-functions-hash":"861b591d003e945ea23c12bf70af85456b4f14da"},"sourceUploadUrl":"https://storage.googleapis.com/uploads-183039903690.us-central1.cloudfunctions.appspot.com/49a355a0-aca8-4f22-a9f8-d50000e7571f.zip","environmentVariables":{"FIREBASE_CONFIG":"{\"projectId\":\"framecoin-production\",\"storageBucket\":\"framecoin-production.appspot.com\"}","GCLOUD_PROJECT":"framecoin-production","FIRESTORE_PREFER_REST":"true","EVENTARC_CLOUD_EVENT_SOURCE":"projects/framecoin-production/locations/us-central1/functions/saveName"},"runtime":"nodejs18","ingressSettings":"ALLOW_ALL","buildId":"6ef491b7-cbae-4d63-af8e-246181d40e7c","buildEnvironmentVariables":{"GOOGLE_NODE_RUN_SCRIPTS":""},"minInstances":1,"buildName":"projects/870571884986/locations/us-central1/builds/6ef491b7-cbae-4d63-af8e-246181d40e7c","dockerRegistry":"ARTIFACT_REGISTRY","automaticUpdatePolicy":{}},{"name":"projects/framecoin-production/locations/us-central1/functions/saveTicker","httpsTrigger":{"url":"https://us-central1-framecoin-production.cloudfunctions.net/saveTicker","securityLevel":"SECURE_ALWAYS"},"status":"ACTIVE","entryPoint":"saveTicker","timeout":"60s","availableMemoryMb":256,"serviceAccountEmail":"framecoin-production@appspot.gserviceaccount.com","updateTime":"2024-03-23T11:46:48.956Z","versionId":"3","labels":{"deployment-tool":"cli-firebase","firebase-functions-hash":"861b591d003e945ea23c12bf70af85456b4f14da"},"sourceUploadUrl":"https://storage.googleapis.com/uploads-183039903690.us-central1.cloudfunctions.appspot.com/f87cfa71-54a0-457d-8319-6247a5ef175b.zip","environmentVariables":{"FIREBASE_CONFIG":"{\"projectId\":\"framecoin-production\",\"storageBucket\":\"framecoin-production.appspot.com\"}","GCLOUD_PROJECT":"framecoin-production","FIRESTORE_PREFER_REST":"true","EVENTARC_CLOUD_EVENT_SOURCE":"projects/framecoin-production/locations/us-central1/functions/saveTicker"},"runtime":"nodejs18","ingressSettings":"ALLOW_ALL","buildId":"a5bffdcd-a3db-4da5-950e-5a01bcdf06f2","buildEnvironmentVariables":{"GOOGLE_NODE_RUN_SCRIPTS":""},"minInstances":1,"buildName":"projects/870571884986/locations/us-central1/builds/a5bffdcd-a3db-4da5-950e-5a01bcdf06f2","dockerRegistry":"ARTIFACT_REGISTRY","automaticUpdatePolicy":{}},{"name":"projects/framecoin-production/locations/us-central1/functions/startCreateToken","httpsTrigger":{"url":"https://us-central1-framecoin-production.cloudfunctions.net/startCreateToken","securityLevel":"SECURE_ALWAYS"},"status":"ACTIVE","entryPoint":"startCreateToken","timeout":"60s","availableMemoryMb":256,"serviceAccountEmail":"framecoin-production@appspot.gserviceaccount.com","updateTime":"2024-03-23T12:16:03.387Z","versionId":"8","labels":{"deployment-tool":"cli-firebase","firebase-functions-hash":"7ce070b7baebfd70d1e54c86a31fc0bfcf14b129"},"sourceUploadUrl":"https://storage.googleapis.com/uploads-183039903690.us-central1.cloudfunctions.appspot.com/239eb8cd-cf3c-41eb-907e-de1e8b12e55b.zip","environmentVariables":{"FIREBASE_CONFIG":"{\"projectId\":\"framecoin-production\",\"storageBucket\":\"framecoin-production.appspot.com\"}","GCLOUD_PROJECT":"framecoin-production","FIRESTORE_PREFER_REST":"true","EVENTARC_CLOUD_EVENT_SOURCE":"projects/framecoin-production/locations/us-central1/functions/startCreateToken"},"runtime":"nodejs18","ingressSettings":"ALLOW_ALL","buildId":"361457b0-9efa-4aab-b74d-228077f6ac2b","buildEnvironmentVariables":{"GOOGLE_NODE_RUN_SCRIPTS":""},"buildName":"projects/870571884986/locations/us-central1/builds/361457b0-9efa-4aab-b74d-228077f6ac2b","dockerRegistry":"ARTIFACT_REGISTRY","automaticUpdatePolicy":{}}]}
[debug] [2024-03-23T13:07:38.547Z] >>> [apiv2][query] GET https://cloudfunctions.googleapis.com/v2/projects/framecoin-production/locations/-/functions filter=environment%3D%22GEN_2%22
[debug] [2024-03-23T13:07:40.201Z] <<< [apiv2][status] GET https://cloudfunctions.googleapis.com/v2/projects/framecoin-production/locations/-/functions 200
[debug] [2024-03-23T13:07:40.201Z] <<< [apiv2][body] GET https://cloudfunctions.googleapis.com/v2/projects/framecoin-production/locations/-/functions {}
[debug] [2024-03-23T13:07:40.207Z] >>> [apiv2][query] GET https://firebase.googleapis.com/v1beta1/projects/framecoin-production [none]
[debug] [2024-03-23T13:07:40.508Z] <<< [apiv2][status] GET https://firebase.googleapis.com/v1beta1/projects/framecoin-production 200
[debug] [2024-03-23T13:07:40.509Z] <<< [apiv2][body] GET https://firebase.googleapis.com/v1beta1/projects/framecoin-production {"projectId":"framecoin-production","projectNumber":"870571884986","displayName":"framecoin","name":"projects/framecoin-production","resources":{"hostingSite":"framecoin-production"},"state":"ACTIVE","etag":"1_fc3e65d5-a861-4fd8-a5ce-c7fc1db25864"}
[debug] [2024-03-23T13:07:40.511Z] >>> [apiv2][query] POST https://cloudfunctions.googleapis.com/v1/projects/framecoin-production/locations/us-central1/functions:generateUploadUrl [none]
[debug] [2024-03-23T13:07:40.512Z] >>> [apiv2][body] POST https://cloudfunctions.googleapis.com/v1/projects/framecoin-production/locations/us-central1/functions:generateUploadUrl {}
[debug] [2024-03-23T13:07:41.303Z] <<< [apiv2][status] POST https://cloudfunctions.googleapis.com/v1/projects/framecoin-production/locations/us-central1/functions:generateUploadUrl 200
[debug] [2024-03-23T13:07:41.303Z] <<< [apiv2][body] POST https://cloudfunctions.googleapis.com/v1/projects/framecoin-production/locations/us-central1/functions:generateUploadUrl {"uploadUrl":"https://storage.googleapis.com/uploads-183039903690.us-central1.cloudfunctions.appspot.com/cca5270e-92fe-4bb8-a6fb-33fa9855159b.zip?GoogleAccessId=service-870571884986@gcf-admin-robot.iam.gserviceaccount.com&Expires=1711201061&Signature=u%2Frighcw16sA7alr%2Bml5oAbLauiTZ5YeirfxSUU37V7e%2ByaEk2Ow1gQc5ceKqbJXtjSBwS%2F0hts1qBn5wyW2uMxBOLnxWkD8RP1HHsLT4mmop6EzNoPAnDk4F98vLHjVm7iF%2FBKwp2gT1D0tk2xFqWLRox9XgD4RfWbGh2HE1n6L0aLf5IPS03SdqVZ7JmEOP2%2FSt1J%2Fkm46sM4xxNILR3BIoDbon98cQp7IiN%2BNOrYC1yt03t%2FY1zJ7ue4UXJqnuhCpWQh3rgG8E9%2B93YQPXLZDzk8HDmJ%2BNxqQynwNq5YGuKBs%2FnV2Bn9NmipNBHC1HwZfRRQ4N8gvbOmigGbMfg%3D%3D"}
[debug] [2024-03-23T13:07:41.305Z] >>> [apiv2][query] PUT https://storage.googleapis.com/uploads-183039903690.us-central1.cloudfunctions.appspot.com/cca5270e-92fe-4bb8-a6fb-33fa9855159b.zip GoogleAccessId=service-870571884986%40gcf-admin-robot.iam.gserviceaccount.com&Expires=1711201061&Signature=u%2Frighcw16sA7alr%2Bml5oAbLauiTZ5YeirfxSUU37V7e%2ByaEk2Ow1gQc5ceKqbJXtjSBwS%2F0hts1qBn5wyW2uMxBOLnxWkD8RP1HHsLT4mmop6EzNoPAnDk4F98vLHjVm7iF%2FBKwp2gT1D0tk2xFqWLRox9XgD4RfWbGh2HE1n6L0aLf5IPS03SdqVZ7JmEOP2%2FSt1J%2Fkm46sM4xxNILR3BIoDbon98cQp7IiN%2BNOrYC1yt03t%2FY1zJ7ue4UXJqnuhCpWQh3rgG8E9%2B93YQPXLZDzk8HDmJ%2BNxqQynwNq5YGuKBs%2FnV2Bn9NmipNBHC1HwZfRRQ4N8gvbOmigGbMfg%3D%3D
[debug] [2024-03-23T13:07:41.305Z] >>> [apiv2][body] PUT https://storage.googleapis.com/uploads-183039903690.us-central1.cloudfunctions.appspot.com/cca5270e-92fe-4bb8-a6fb-33fa9855159b.zip [stream]
[debug] [2024-03-23T13:07:43.555Z] <<< [apiv2][status] PUT https://storage.googleapis.com/uploads-183039903690.us-central1.cloudfunctions.appspot.com/cca5270e-92fe-4bb8-a6fb-33fa9855159b.zip 200
[debug] [2024-03-23T13:07:43.556Z] <<< [apiv2][body] PUT https://storage.googleapis.com/uploads-183039903690.us-central1.cloudfunctions.appspot.com/cca5270e-92fe-4bb8-a6fb-33fa9855159b.zip [omitted]
[info] ✔  functions: functions folder uploaded successfully 
[info] i  functions: updating Node.js 18 (1st Gen) function startCreateToken(us-central1)... 
[debug] [2024-03-23T13:07:43.563Z] >>> [apiv2][query] PATCH https://cloudfunctions.googleapis.com/v1/projects/framecoin-production/locations/us-central1/functions/startCreateToken updateMask=name%2CsourceUploadUrl%2CentryPoint%2Cruntime%2CdockerRegistry%2Clabels%2ChttpsTrigger.securityLevel%2CminInstances%2CmaxInstances%2CingressSettings%2CenvironmentVariables%2CserviceAccountEmail%2CavailableMemoryMb%2Ctimeout%2CvpcConnector%2CvpcConnectorEgressSettings%2CsourceToken%2CbuildEnvironmentVariables
[debug] [2024-03-23T13:07:43.563Z] >>> [apiv2][body] PATCH https://cloudfunctions.googleapis.com/v1/projects/framecoin-production/locations/us-central1/functions/startCreateToken {"name":"projects/framecoin-production/locations/us-central1/functions/startCreateToken","sourceUploadUrl":"https://storage.googleapis.com/uploads-183039903690.us-central1.cloudfunctions.appspot.com/cca5270e-92fe-4bb8-a6fb-33fa9855159b.zip?GoogleAccessId=service-870571884986@gcf-admin-robot.iam.gserviceaccount.com&Expires=1711201061&Signature=u%2Frighcw16sA7alr%2Bml5oAbLauiTZ5YeirfxSUU37V7e%2ByaEk2Ow1gQc5ceKqbJXtjSBwS%2F0hts1qBn5wyW2uMxBOLnxWkD8RP1HHsLT4mmop6EzNoPAnDk4F98vLHjVm7iF%2FBKwp2gT1D0tk2xFqWLRox9XgD4RfWbGh2HE1n6L0aLf5IPS03SdqVZ7JmEOP2%2FSt1J%2Fkm46sM4xxNILR3BIoDbon98cQp7IiN%2BNOrYC1yt03t%2FY1zJ7ue4UXJqnuhCpWQh3rgG8E9%2B93YQPXLZDzk8HDmJ%2BNxqQynwNq5YGuKBs%2FnV2Bn9NmipNBHC1HwZfRRQ4N8gvbOmigGbMfg%3D%3D","entryPoint":"startCreateToken","runtime":"nodejs18","dockerRegistry":"ARTIFACT_REGISTRY","labels":{"deployment-tool":"cli-firebase","firebase-functions-hash":"2a7df05b3d59ada87633fbdef1ead88a838e38ce"},"httpsTrigger":{"securityLevel":"SECURE_ALWAYS"},"minInstances":null,"maxInstances":null,"ingressSettings":null,"environmentVariables":{"FIREBASE_CONFIG":"{\"projectId\":\"framecoin-production\",\"storageBucket\":\"framecoin-production.appspot.com\"}","GCLOUD_PROJECT":"framecoin-production","FIRESTORE_PREFER_REST":"true","EVENTARC_CLOUD_EVENT_SOURCE":"projects/framecoin-production/locations/us-central1/functions/startCreateToken"},"serviceAccountEmail":null,"availableMemoryMb":null,"timeout":null,"vpcConnector":null,"vpcConnectorEgressSettings":null,"buildEnvironmentVariables":{"GOOGLE_NODE_RUN_SCRIPTS":""}}
[debug] [2024-03-23T13:07:44.341Z] <<< [apiv2][status] PATCH https://cloudfunctions.googleapis.com/v1/projects/framecoin-production/locations/us-central1/functions/startCreateToken 200
[debug] [2024-03-23T13:07:44.341Z] <<< [apiv2][body] PATCH https://cloudfunctions.googleapis.com/v1/projects/framecoin-production/locations/us-central1/functions/startCreateToken {"name":"operations/ZnJhbWVjb2luLXByb2R1Y3Rpb24vdXMtY2VudHJhbDEvc3RhcnRDcmVhdGVUb2tlbi9LQ29IUHBzaWQ1SQ","metadata":{"@type":"type.googleapis.com/google.cloud.functions.v1.OperationMetadataV1","target":"projects/framecoin-production/locations/us-central1/functions/startCreateToken","type":"UPDATE_FUNCTION","request":{"@type":"type.googleapis.com/google.cloud.functions.v1.CloudFunction","name":"projects/framecoin-production/locations/us-central1/functions/startCreateToken","httpsTrigger":{"url":"https://us-central1-framecoin-production.cloudfunctions.net/startCreateToken","securityLevel":"SECURE_ALWAYS"},"status":"ACTIVE","entryPoint":"startCreateToken","updateTime":"2024-03-23T12:16:03.387Z","versionId":"8","labels":{"deployment-tool":"cli-firebase","firebase-functions-hash":"2a7df05b3d59ada87633fbdef1ead88a838e38ce"},"sourceUploadUrl":"https://storage.googleapis.com/uploads-183039903690.us-central1.cloudfunctions.appspot.com/cca5270e-92fe-4bb8-a6fb-33fa9855159b.zip?GoogleAccessId=service-870571884986@gcf-admin-robot.iam.gserviceaccount.com&Expires=1711201061&Signature=u%2Frighcw16sA7alr%2Bml5oAbLauiTZ5YeirfxSUU37V7e%2ByaEk2Ow1gQc5ceKqbJXtjSBwS%2F0hts1qBn5wyW2uMxBOLnxWkD8RP1HHsLT4mmop6EzNoPAnDk4F98vLHjVm7iF%2FBKwp2gT1D0tk2xFqWLRox9XgD4RfWbGh2HE1n6L0aLf5IPS03SdqVZ7JmEOP2%2FSt1J%2Fkm46sM4xxNILR3BIoDbon98cQp7IiN%2BNOrYC1yt03t%2FY1zJ7ue4UXJqnuhCpWQh3rgG8E9%2B93YQPXLZDzk8HDmJ%2BNxqQynwNq5YGuKBs%2FnV2Bn9NmipNBHC1HwZfRRQ4N8gvbOmigGbMfg%3D%3D","environmentVariables":{"FIREBASE_CONFIG":"{\"projectId\":\"framecoin-production\",\"storageBucket\":\"framecoin-production.appspot.com\"}","GCLOUD_PROJECT":"framecoin-production","FIRESTORE_PREFER_REST":"true","EVENTARC_CLOUD_EVENT_SOURCE":"projects/framecoin-production/locations/us-central1/functions/startCreateToken"},"runtime":"nodejs18","buildId":"361457b0-9efa-4aab-b74d-228077f6ac2b","buildEnvironmentVariables":{"GOOGLE_NODE_RUN_SCRIPTS":""},"buildName":"projects/870571884986/locations/us-central1/builds/361457b0-9efa-4aab-b74d-228077f6ac2b","dockerRegistry":"ARTIFACT_REGISTRY","automaticUpdatePolicy":{}},"versionId":"9","updateTime":"2024-03-23T13:07:44Z"}}
[debug] [2024-03-23T13:07:44.342Z] >>> [apiv2][query] GET https://cloudfunctions.googleapis.com/v1/operations/ZnJhbWVjb2luLXByb2R1Y3Rpb24vdXMtY2VudHJhbDEvc3RhcnRDcmVhdGVUb2tlbi9LQ29IUHBzaWQ1SQ [none]
[debug] [2024-03-23T13:07:44.889Z] <<< [apiv2][status] GET https://cloudfunctions.googleapis.com/v1/operations/ZnJhbWVjb2luLXByb2R1Y3Rpb24vdXMtY2VudHJhbDEvc3RhcnRDcmVhdGVUb2tlbi9LQ29IUHBzaWQ1SQ 200
[debug] [2024-03-23T13:07:44.889Z] <<< [apiv2][body] GET https://cloudfunctions.googleapis.com/v1/operations/ZnJhbWVjb2luLXByb2R1Y3Rpb24vdXMtY2VudHJhbDEvc3RhcnRDcmVhdGVUb2tlbi9LQ29IUHBzaWQ1SQ {"name":"operations/ZnJhbWVjb2luLXByb2R1Y3Rpb24vdXMtY2VudHJhbDEvc3RhcnRDcmVhdGVUb2tlbi9LQ29IUHBzaWQ1SQ","metadata":{"@type":"type.googleapis.com/google.cloud.functions.v1.OperationMetadataV1","target":"projects/framecoin-production/locations/us-central1/functions/startCreateToken","type":"UPDATE_FUNCTION","request":{"@type":"type.googleapis.com/google.cloud.functions.v1.CloudFunction","name":"projects/framecoin-production/locations/us-central1/functions/startCreateToken","httpsTrigger":{"url":"https://us-central1-framecoin-production.cloudfunctions.net/startCreateToken","securityLevel":"SECURE_ALWAYS"},"status":"ACTIVE","entryPoint":"startCreateToken","updateTime":"2024-03-23T12:16:03.387Z","versionId":"8","labels":{"deployment-tool":"cli-firebase","firebase-functions-hash":"2a7df05b3d59ada87633fbdef1ead88a838e38ce"},"sourceUploadUrl":"https://storage.googleapis.com/uploads-183039903690.us-central1.cloudfunctions.appspot.com/cca5270e-92fe-4bb8-a6fb-33fa9855159b.zip?GoogleAccessId=service-870571884986@gcf-admin-robot.iam.gserviceaccount.com&Expires=1711201061&Signature=u%2Frighcw16sA7alr%2Bml5oAbLauiTZ5YeirfxSUU37V7e%2ByaEk2Ow1gQc5ceKqbJXtjSBwS%2F0hts1qBn5wyW2uMxBOLnxWkD8RP1HHsLT4mmop6EzNoPAnDk4F98vLHjVm7iF%2FBKwp2gT1D0tk2xFqWLRox9XgD4RfWbGh2HE1n6L0aLf5IPS03SdqVZ7JmEOP2%2FSt1J%2Fkm46sM4xxNILR3BIoDbon98cQp7IiN%2BNOrYC1yt03t%2FY1zJ7ue4UXJqnuhCpWQh3rgG8E9%2B93YQPXLZDzk8HDmJ%2BNxqQynwNq5YGuKBs%2FnV2Bn9NmipNBHC1HwZfRRQ4N8gvbOmigGbMfg%3D%3D","environmentVariables":{"FIREBASE_CONFIG":"{\"projectId\":\"framecoin-production\",\"storageBucket\":\"framecoin-production.appspot.com\"}","GCLOUD_PROJECT":"framecoin-production","FIRESTORE_PREFER_REST":"true","EVENTARC_CLOUD_EVENT_SOURCE":"projects/framecoin-production/locations/us-central1/functions/startCreateToken"},"runtime":"nodejs18","buildId":"361457b0-9efa-4aab-b74d-228077f6ac2b","buildEnvironmentVariables":{"GOOGLE_NODE_RUN_SCRIPTS":""},"buildName":"projects/870571884986/locations/us-central1/builds/361457b0-9efa-4aab-b74d-228077f6ac2b","dockerRegistry":"ARTIFACT_REGISTRY","automaticUpdatePolicy":{}},"versionId":"9","updateTime":"2024-03-23T13:07:44Z"}}
[debug] [2024-03-23T13:07:45.391Z] [update-default-us-central1-startCreateToken] Retrying task index 0
[debug] [2024-03-23T13:07:45.392Z] >>> [apiv2][query] GET https://cloudfunctions.googleapis.com/v1/operations/ZnJhbWVjb2luLXByb2R1Y3Rpb24vdXMtY2VudHJhbDEvc3RhcnRDcmVhdGVUb2tlbi9LQ29IUHBzaWQ1SQ [none]
[debug] [2024-03-23T13:07:45.910Z] <<< [apiv2][status] GET https://cloudfunctions.googleapis.com/v1/operations/ZnJhbWVjb2luLXByb2R1Y3Rpb24vdXMtY2VudHJhbDEvc3RhcnRDcmVhdGVUb2tlbi9LQ29IUHBzaWQ1SQ 200
[debug] [2024-03-23T13:07:45.911Z] <<< [apiv2][body] GET https://cloudfunctions.googleapis.com/v1/operations/ZnJhbWVjb2luLXByb2R1Y3Rpb24vdXMtY2VudHJhbDEvc3RhcnRDcmVhdGVUb2tlbi9LQ29IUHBzaWQ1SQ {"name":"operations/ZnJhbWVjb2luLXByb2R1Y3Rpb24vdXMtY2VudHJhbDEvc3RhcnRDcmVhdGVUb2tlbi9LQ29IUHBzaWQ1SQ","metadata":{"@type":"type.googleapis.com/google.cloud.functions.v1.OperationMetadataV1","target":"projects/framecoin-production/locations/us-central1/functions/startCreateToken","type":"UPDATE_FUNCTION","request":{"@type":"type.googleapis.com/google.cloud.functions.v1.CloudFunction","name":"projects/framecoin-production/locations/us-central1/functions/startCreateToken","httpsTrigger":{"url":"https://us-central1-framecoin-production.cloudfunctions.net/startCreateToken","securityLevel":"SECURE_ALWAYS"},"status":"ACTIVE","entryPoint":"startCreateToken","updateTime":"2024-03-23T12:16:03.387Z","versionId":"8","labels":{"deployment-tool":"cli-firebase","firebase-functions-hash":"2a7df05b3d59ada87633fbdef1ead88a838e38ce"},"sourceUploadUrl":"https://storage.googleapis.com/uploads-183039903690.us-central1.cloudfunctions.appspot.com/cca5270e-92fe-4bb8-a6fb-33fa9855159b.zip?GoogleAccessId=service-870571884986@gcf-admin-robot.iam.gserviceaccount.com&Expires=1711201061&Signature=u%2Frighcw16sA7alr%2Bml5oAbLauiTZ5YeirfxSUU37V7e%2ByaEk2Ow1gQc5ceKqbJXtjSBwS%2F0hts1qBn5wyW2uMxBOLnxWkD8RP1HHsLT4mmop6EzNoPAnDk4F98vLHjVm7iF%2FBKwp2gT1D0tk2xFqWLRox9XgD4RfWbGh2HE1n6L0aLf5IPS03SdqVZ7JmEOP2%2FSt1J%2Fkm46sM4xxNILR3BIoDbon98cQp7IiN%2BNOrYC1yt03t%2FY1zJ7ue4UXJqnuhCpWQh3rgG8E9%2B93YQPXLZDzk8HDmJ%2BNxqQynwNq5YGuKBs%2FnV2Bn9NmipNBHC1HwZfRRQ4N8gvbOmigGbMfg%3D%3D","environmentVariables":{"FIREBASE_CONFIG":"{\"projectId\":\"framecoin-production\",\"storageBucket\":\"framecoin-production.appspot.com\"}","GCLOUD_PROJECT":"framecoin-production","FIRESTORE_PREFER_REST":"true","EVENTARC_CLOUD_EVENT_SOURCE":"projects/framecoin-production/locations/us-central1/functions/startCreateToken"},"runtime":"nodejs18","buildId":"361457b0-9efa-4aab-b74d-228077f6ac2b","buildEnvironmentVariables":{"GOOGLE_NODE_RUN_SCRIPTS":""},"buildName":"projects/870571884986/locations/us-central1/builds/361457b0-9efa-4aab-b74d-228077f6ac2b","dockerRegistry":"ARTIFACT_REGISTRY","automaticUpdatePolicy":{}},"versionId":"9","updateTime":"2024-03-23T13:07:44Z","buildId":"23769912-ffda-41a9-b084-37e495f914d0","buildName":"projects/870571884986/locations/us-central1/builds/23769912-ffda-41a9-b084-37e495f914d0"}}
[debug] [2024-03-23T13:07:46.912Z] [update-default-us-central1-startCreateToken] Retrying task index 0
[debug] [2024-03-23T13:07:46.913Z] >>> [apiv2][query] GET https://cloudfunctions.googleapis.com/v1/operations/ZnJhbWVjb2luLXByb2R1Y3Rpb24vdXMtY2VudHJhbDEvc3RhcnRDcmVhdGVUb2tlbi9LQ29IUHBzaWQ1SQ [none]
[debug] [2024-03-23T13:07:47.349Z] <<< [apiv2][status] GET https://cloudfunctions.googleapis.com/v1/operations/ZnJhbWVjb2luLXByb2R1Y3Rpb24vdXMtY2VudHJhbDEvc3RhcnRDcmVhdGVUb2tlbi9LQ29IUHBzaWQ1SQ 200
[debug] [2024-03-23T13:07:47.349Z] <<< [apiv2][body] GET https://cloudfunctions.googleapis.com/v1/operations/ZnJhbWVjb2luLXByb2R1Y3Rpb24vdXMtY2VudHJhbDEvc3RhcnRDcmVhdGVUb2tlbi9LQ29IUHBzaWQ1SQ {"name":"operations/ZnJhbWVjb2luLXByb2R1Y3Rpb24vdXMtY2VudHJhbDEvc3RhcnRDcmVhdGVUb2tlbi9LQ29IUHBzaWQ1SQ","metadata":{"@type":"type.googleapis.com/google.cloud.functions.v1.OperationMetadataV1","target":"projects/framecoin-production/locations/us-central1/functions/startCreateToken","type":"UPDATE_FUNCTION","request":{"@type":"type.googleapis.com/google.cloud.functions.v1.CloudFunction","name":"projects/framecoin-production/locations/us-central1/functions/startCreateToken","httpsTrigger":{"url":"https://us-central1-framecoin-production.cloudfunctions.net/startCreateToken","securityLevel":"SECURE_ALWAYS"},"status":"ACTIVE","entryPoint":"startCreateToken","updateTime":"2024-03-23T12:16:03.387Z","versionId":"8","labels":{"deployment-tool":"cli-firebase","firebase-functions-hash":"2a7df05b3d59ada87633fbdef1ead88a838e38ce"},"sourceUploadUrl":"https://storage.googleapis.com/uploads-183039903690.us-central1.cloudfunctions.appspot.com/cca5270e-92fe-4bb8-a6fb-33fa9855159b.zip?GoogleAccessId=service-870571884986@gcf-admin-robot.iam.gserviceaccount.com&Expires=1711201061&Signature=u%2Frighcw16sA7alr%2Bml5oAbLauiTZ5YeirfxSUU37V7e%2ByaEk2Ow1gQc5ceKqbJXtjSBwS%2F0hts1qBn5wyW2uMxBOLnxWkD8RP1HHsLT4mmop6EzNoPAnDk4F98vLHjVm7iF%2FBKwp2gT1D0tk2xFqWLRox9XgD4RfWbGh2HE1n6L0aLf5IPS03SdqVZ7JmEOP2%2FSt1J%2Fkm46sM4xxNILR3BIoDbon98cQp7IiN%2BNOrYC1yt03t%2FY1zJ7ue4UXJqnuhCpWQh3rgG8E9%2B93YQPXLZDzk8HDmJ%2BNxqQynwNq5YGuKBs%2FnV2Bn9NmipNBHC1HwZfRRQ4N8gvbOmigGbMfg%3D%3D","environmentVariables":{"FIREBASE_CONFIG":"{\"projectId\":\"framecoin-production\",\"storageBucket\":\"framecoin-production.appspot.com\"}","GCLOUD_PROJECT":"framecoin-production","FIRESTORE_PREFER_REST":"true","EVENTARC_CLOUD_EVENT_SOURCE":"projects/framecoin-production/locations/us-central1/functions/startCreateToken"},"runtime":"nodejs18","buildId":"361457b0-9efa-4aab-b74d-228077f6ac2b","buildEnvironmentVariables":{"GOOGLE_NODE_RUN_SCRIPTS":""},"buildName":"projects/870571884986/locations/us-central1/builds/361457b0-9efa-4aab-b74d-228077f6ac2b","dockerRegistry":"ARTIFACT_REGISTRY","automaticUpdatePolicy":{}},"versionId":"9","updateTime":"2024-03-23T13:07:44Z","buildId":"23769912-ffda-41a9-b084-37e495f914d0","buildName":"projects/870571884986/locations/us-central1/builds/23769912-ffda-41a9-b084-37e495f914d0"}}
[debug] [2024-03-23T13:07:49.351Z] [update-default-us-central1-startCreateToken] Retrying task index 0
[debug] [2024-03-23T13:07:49.352Z] >>> [apiv2][query] GET https://cloudfunctions.googleapis.com/v1/operations/ZnJhbWVjb2luLXByb2R1Y3Rpb24vdXMtY2VudHJhbDEvc3RhcnRDcmVhdGVUb2tlbi9LQ29IUHBzaWQ1SQ [none]
[debug] [2024-03-23T13:07:49.802Z] <<< [apiv2][status] GET https://cloudfunctions.googleapis.com/v1/operations/ZnJhbWVjb2luLXByb2R1Y3Rpb24vdXMtY2VudHJhbDEvc3RhcnRDcmVhdGVUb2tlbi9LQ29IUHBzaWQ1SQ 200
[debug] [2024-03-23T13:07:49.803Z] <<< [apiv2][body] GET https://cloudfunctions.googleapis.com/v1/operations/ZnJhbWVjb2luLXByb2R1Y3Rpb24vdXMtY2VudHJhbDEvc3RhcnRDcmVhdGVUb2tlbi9LQ29IUHBzaWQ1SQ {"name":"operations/ZnJhbWVjb2luLXByb2R1Y3Rpb24vdXMtY2VudHJhbDEvc3RhcnRDcmVhdGVUb2tlbi9LQ29IUHBzaWQ1SQ","metadata":{"@type":"type.googleapis.com/google.cloud.functions.v1.OperationMetadataV1","target":"projects/framecoin-production/locations/us-central1/functions/startCreateToken","type":"UPDATE_FUNCTION","request":{"@type":"type.googleapis.com/google.cloud.functions.v1.CloudFunction","name":"projects/framecoin-production/locations/us-central1/functions/startCreateToken","httpsTrigger":{"url":"https://us-central1-framecoin-production.cloudfunctions.net/startCreateToken","securityLevel":"SECURE_ALWAYS"},"status":"ACTIVE","entryPoint":"startCreateToken","updateTime":"2024-03-23T12:16:03.387Z","versionId":"8","labels":{"deployment-tool":"cli-firebase","firebase-functions-hash":"2a7df05b3d59ada87633fbdef1ead88a838e38ce"},"sourceUploadUrl":"https://storage.googleapis.com/uploads-183039903690.us-central1.cloudfunctions.appspot.com/cca5270e-92fe-4bb8-a6fb-33fa9855159b.zip?GoogleAccessId=service-870571884986@gcf-admin-robot.iam.gserviceaccount.com&Expires=1711201061&Signature=u%2Frighcw16sA7alr%2Bml5oAbLauiTZ5YeirfxSUU37V7e%2ByaEk2Ow1gQc5ceKqbJXtjSBwS%2F0hts1qBn5wyW2uMxBOLnxWkD8RP1HHsLT4mmop6EzNoPAnDk4F98vLHjVm7iF%2FBKwp2gT1D0tk2xFqWLRox9XgD4RfWbGh2HE1n6L0aLf5IPS03SdqVZ7JmEOP2%2FSt1J%2Fkm46sM4xxNILR3BIoDbon98cQp7IiN%2BNOrYC1yt03t%2FY1zJ7ue4UXJqnuhCpWQh3rgG8E9%2B93YQPXLZDzk8HDmJ%2BNxqQynwNq5YGuKBs%2FnV2Bn9NmipNBHC1HwZfRRQ4N8gvbOmigGbMfg%3D%3D","environmentVariables":{"FIREBASE_CONFIG":"{\"projectId\":\"framecoin-production\",\"storageBucket\":\"framecoin-production.appspot.com\"}","GCLOUD_PROJECT":"framecoin-production","FIRESTORE_PREFER_REST":"true","EVENTARC_CLOUD_EVENT_SOURCE":"projects/framecoin-production/locations/us-central1/functions/startCreateToken"},"runtime":"nodejs18","buildId":"361457b0-9efa-4aab-b74d-228077f6ac2b","buildEnvironmentVariables":{"GOOGLE_NODE_RUN_SCRIPTS":""},"buildName":"projects/870571884986/locations/us-central1/builds/361457b0-9efa-4aab-b74d-228077f6ac2b","dockerRegistry":"ARTIFACT_REGISTRY","automaticUpdatePolicy":{}},"versionId":"9","updateTime":"2024-03-23T13:07:44Z","buildId":"23769912-ffda-41a9-b084-37e495f914d0","buildName":"projects/870571884986/locations/us-central1/builds/23769912-ffda-41a9-b084-37e495f914d0"}}
[debug] [2024-03-23T13:07:53.805Z] [update-default-us-central1-startCreateToken] Retrying task index 0
[debug] [2024-03-23T13:07:53.807Z] >>> [apiv2][query] GET https://cloudfunctions.googleapis.com/v1/operations/ZnJhbWVjb2luLXByb2R1Y3Rpb24vdXMtY2VudHJhbDEvc3RhcnRDcmVhdGVUb2tlbi9LQ29IUHBzaWQ1SQ [none]
[debug] [2024-03-23T13:07:54.316Z] <<< [apiv2][status] GET https://cloudfunctions.googleapis.com/v1/operations/ZnJhbWVjb2luLXByb2R1Y3Rpb24vdXMtY2VudHJhbDEvc3RhcnRDcmVhdGVUb2tlbi9LQ29IUHBzaWQ1SQ 200
[debug] [2024-03-23T13:07:54.316Z] <<< [apiv2][body] GET https://cloudfunctions.googleapis.com/v1/operations/ZnJhbWVjb2luLXByb2R1Y3Rpb24vdXMtY2VudHJhbDEvc3RhcnRDcmVhdGVUb2tlbi9LQ29IUHBzaWQ1SQ {"name":"operations/ZnJhbWVjb2luLXByb2R1Y3Rpb24vdXMtY2VudHJhbDEvc3RhcnRDcmVhdGVUb2tlbi9LQ29IUHBzaWQ1SQ","metadata":{"@type":"type.googleapis.com/google.cloud.functions.v1.OperationMetadataV1","target":"projects/framecoin-production/locations/us-central1/functions/startCreateToken","type":"UPDATE_FUNCTION","request":{"@type":"type.googleapis.com/google.cloud.functions.v1.CloudFunction","name":"projects/framecoin-production/locations/us-central1/functions/startCreateToken","httpsTrigger":{"url":"https://us-central1-framecoin-production.cloudfunctions.net/startCreateToken","securityLevel":"SECURE_ALWAYS"},"status":"ACTIVE","entryPoint":"startCreateToken","updateTime":"2024-03-23T12:16:03.387Z","versionId":"8","labels":{"deployment-tool":"cli-firebase","firebase-functions-hash":"2a7df05b3d59ada87633fbdef1ead88a838e38ce"},"sourceUploadUrl":"https://storage.googleapis.com/uploads-183039903690.us-central1.cloudfunctions.appspot.com/cca5270e-92fe-4bb8-a6fb-33fa9855159b.zip?GoogleAccessId=service-870571884986@gcf-admin-robot.iam.gserviceaccount.com&Expires=1711201061&Signature=u%2Frighcw16sA7alr%2Bml5oAbLauiTZ5YeirfxSUU37V7e%2ByaEk2Ow1gQc5ceKqbJXtjSBwS%2F0hts1qBn5wyW2uMxBOLnxWkD8RP1HHsLT4mmop6EzNoPAnDk4F98vLHjVm7iF%2FBKwp2gT1D0tk2xFqWLRox9XgD4RfWbGh2HE1n6L0aLf5IPS03SdqVZ7JmEOP2%2FSt1J%2Fkm46sM4xxNILR3BIoDbon98cQp7IiN%2BNOrYC1yt03t%2FY1zJ7ue4UXJqnuhCpWQh3rgG8E9%2B93YQPXLZDzk8HDmJ%2BNxqQynwNq5YGuKBs%2FnV2Bn9NmipNBHC1HwZfRRQ4N8gvbOmigGbMfg%3D%3D","environmentVariables":{"FIREBASE_CONFIG":"{\"projectId\":\"framecoin-production\",\"storageBucket\":\"framecoin-production.appspot.com\"}","GCLOUD_PROJECT":"framecoin-production","FIRESTORE_PREFER_REST":"true","EVENTARC_CLOUD_EVENT_SOURCE":"projects/framecoin-production/locations/us-central1/functions/startCreateToken"},"runtime":"nodejs18","buildId":"361457b0-9efa-4aab-b74d-228077f6ac2b","buildEnvironmentVariables":{"GOOGLE_NODE_RUN_SCRIPTS":""},"buildName":"projects/870571884986/locations/us-central1/builds/361457b0-9efa-4aab-b74d-228077f6ac2b","dockerRegistry":"ARTIFACT_REGISTRY","automaticUpdatePolicy":{}},"versionId":"9","updateTime":"2024-03-23T13:07:44Z","buildId":"23769912-ffda-41a9-b084-37e495f914d0","buildName":"projects/870571884986/locations/us-central1/builds/23769912-ffda-41a9-b084-37e495f914d0"}}
[debug] [2024-03-23T13:08:02.318Z] [update-default-us-central1-startCreateToken] Retrying task index 0
[debug] [2024-03-23T13:08:02.320Z] >>> [apiv2][query] GET https://cloudfunctions.googleapis.com/v1/operations/ZnJhbWVjb2luLXByb2R1Y3Rpb24vdXMtY2VudHJhbDEvc3RhcnRDcmVhdGVUb2tlbi9LQ29IUHBzaWQ1SQ [none]
[debug] [2024-03-23T13:08:02.808Z] <<< [apiv2][status] GET https://cloudfunctions.googleapis.com/v1/operations/ZnJhbWVjb2luLXByb2R1Y3Rpb24vdXMtY2VudHJhbDEvc3RhcnRDcmVhdGVUb2tlbi9LQ29IUHBzaWQ1SQ 200
[debug] [2024-03-23T13:08:02.808Z] <<< [apiv2][body] GET https://cloudfunctions.googleapis.com/v1/operations/ZnJhbWVjb2luLXByb2R1Y3Rpb24vdXMtY2VudHJhbDEvc3RhcnRDcmVhdGVUb2tlbi9LQ29IUHBzaWQ1SQ {"name":"operations/ZnJhbWVjb2luLXByb2R1Y3Rpb24vdXMtY2VudHJhbDEvc3RhcnRDcmVhdGVUb2tlbi9LQ29IUHBzaWQ1SQ","metadata":{"@type":"type.googleapis.com/google.cloud.functions.v1.OperationMetadataV1","target":"projects/framecoin-production/locations/us-central1/functions/startCreateToken","type":"UPDATE_FUNCTION","request":{"@type":"type.googleapis.com/google.cloud.functions.v1.CloudFunction","name":"projects/framecoin-production/locations/us-central1/functions/startCreateToken","httpsTrigger":{"url":"https://us-central1-framecoin-production.cloudfunctions.net/startCreateToken","securityLevel":"SECURE_ALWAYS"},"status":"ACTIVE","entryPoint":"startCreateToken","updateTime":"2024-03-23T12:16:03.387Z","versionId":"8","labels":{"deployment-tool":"cli-firebase","firebase-functions-hash":"2a7df05b3d59ada87633fbdef1ead88a838e38ce"},"sourceUploadUrl":"https://storage.googleapis.com/uploads-183039903690.us-central1.cloudfunctions.appspot.com/cca5270e-92fe-4bb8-a6fb-33fa9855159b.zip?GoogleAccessId=service-870571884986@gcf-admin-robot.iam.gserviceaccount.com&Expires=1711201061&Signature=u%2Frighcw16sA7alr%2Bml5oAbLauiTZ5YeirfxSUU37V7e%2ByaEk2Ow1gQc5ceKqbJXtjSBwS%2F0hts1qBn5wyW2uMxBOLnxWkD8RP1HHsLT4mmop6EzNoPAnDk4F98vLHjVm7iF%2FBKwp2gT1D0tk2xFqWLRox9XgD4RfWbGh2HE1n6L0aLf5IPS03SdqVZ7JmEOP2%2FSt1J%2Fkm46sM4xxNILR3BIoDbon98cQp7IiN%2BNOrYC1yt03t%2FY1zJ7ue4UXJqnuhCpWQh3rgG8E9%2B93YQPXLZDzk8HDmJ%2BNxqQynwNq5YGuKBs%2FnV2Bn9NmipNBHC1HwZfRRQ4N8gvbOmigGbMfg%3D%3D","environmentVariables":{"FIREBASE_CONFIG":"{\"projectId\":\"framecoin-production\",\"storageBucket\":\"framecoin-production.appspot.com\"}","GCLOUD_PROJECT":"framecoin-production","FIRESTORE_PREFER_REST":"true","EVENTARC_CLOUD_EVENT_SOURCE":"projects/framecoin-production/locations/us-central1/functions/startCreateToken"},"runtime":"nodejs18","buildId":"361457b0-9efa-4aab-b74d-228077f6ac2b","buildEnvironmentVariables":{"GOOGLE_NODE_RUN_SCRIPTS":""},"buildName":"projects/870571884986/locations/us-central1/builds/361457b0-9efa-4aab-b74d-228077f6ac2b","dockerRegistry":"ARTIFACT_REGISTRY","automaticUpdatePolicy":{}},"versionId":"9","updateTime":"2024-03-23T13:07:44Z","buildId":"23769912-ffda-41a9-b084-37e495f914d0","buildName":"projects/870571884986/locations/us-central1/builds/23769912-ffda-41a9-b084-37e495f914d0"}}
[debug] [2024-03-23T13:08:12.810Z] [update-default-us-central1-startCreateToken] Retrying task index 0
[debug] [2024-03-23T13:08:12.811Z] >>> [apiv2][query] GET https://cloudfunctions.googleapis.com/v1/operations/ZnJhbWVjb2luLXByb2R1Y3Rpb24vdXMtY2VudHJhbDEvc3RhcnRDcmVhdGVUb2tlbi9LQ29IUHBzaWQ1SQ [none]
[debug] [2024-03-23T13:08:13.362Z] <<< [apiv2][status] GET https://cloudfunctions.googleapis.com/v1/operations/ZnJhbWVjb2luLXByb2R1Y3Rpb24vdXMtY2VudHJhbDEvc3RhcnRDcmVhdGVUb2tlbi9LQ29IUHBzaWQ1SQ 200
[debug] [2024-03-23T13:08:13.362Z] <<< [apiv2][body] GET https://cloudfunctions.googleapis.com/v1/operations/ZnJhbWVjb2luLXByb2R1Y3Rpb24vdXMtY2VudHJhbDEvc3RhcnRDcmVhdGVUb2tlbi9LQ29IUHBzaWQ1SQ {"name":"operations/ZnJhbWVjb2luLXByb2R1Y3Rpb24vdXMtY2VudHJhbDEvc3RhcnRDcmVhdGVUb2tlbi9LQ29IUHBzaWQ1SQ","metadata":{"@type":"type.googleapis.com/google.cloud.functions.v1.OperationMetadataV1","target":"projects/framecoin-production/locations/us-central1/functions/startCreateToken","type":"UPDATE_FUNCTION","request":{"@type":"type.googleapis.com/google.cloud.functions.v1.CloudFunction","name":"projects/framecoin-production/locations/us-central1/functions/startCreateToken","httpsTrigger":{"url":"https://us-central1-framecoin-production.cloudfunctions.net/startCreateToken","securityLevel":"SECURE_ALWAYS"},"status":"ACTIVE","entryPoint":"startCreateToken","updateTime":"2024-03-23T12:16:03.387Z","versionId":"8","labels":{"deployment-tool":"cli-firebase","firebase-functions-hash":"2a7df05b3d59ada87633fbdef1ead88a838e38ce"},"sourceUploadUrl":"https://storage.googleapis.com/uploads-183039903690.us-central1.cloudfunctions.appspot.com/cca5270e-92fe-4bb8-a6fb-33fa9855159b.zip?GoogleAccessId=service-870571884986@gcf-admin-robot.iam.gserviceaccount.com&Expires=1711201061&Signature=u%2Frighcw16sA7alr%2Bml5oAbLauiTZ5YeirfxSUU37V7e%2ByaEk2Ow1gQc5ceKqbJXtjSBwS%2F0hts1qBn5wyW2uMxBOLnxWkD8RP1HHsLT4mmop6EzNoPAnDk4F98vLHjVm7iF%2FBKwp2gT1D0tk2xFqWLRox9XgD4RfWbGh2HE1n6L0aLf5IPS03SdqVZ7JmEOP2%2FSt1J%2Fkm46sM4xxNILR3BIoDbon98cQp7IiN%2BNOrYC1yt03t%2FY1zJ7ue4UXJqnuhCpWQh3rgG8E9%2B93YQPXLZDzk8HDmJ%2BNxqQynwNq5YGuKBs%2FnV2Bn9NmipNBHC1HwZfRRQ4N8gvbOmigGbMfg%3D%3D","environmentVariables":{"FIREBASE_CONFIG":"{\"projectId\":\"framecoin-production\",\"storageBucket\":\"framecoin-production.appspot.com\"}","GCLOUD_PROJECT":"framecoin-production","FIRESTORE_PREFER_REST":"true","EVENTARC_CLOUD_EVENT_SOURCE":"projects/framecoin-production/locations/us-central1/functions/startCreateToken"},"runtime":"nodejs18","buildId":"361457b0-9efa-4aab-b74d-228077f6ac2b","buildEnvironmentVariables":{"GOOGLE_NODE_RUN_SCRIPTS":""},"buildName":"projects/870571884986/locations/us-central1/builds/361457b0-9efa-4aab-b74d-228077f6ac2b","dockerRegistry":"ARTIFACT_REGISTRY","automaticUpdatePolicy":{}},"versionId":"9","updateTime":"2024-03-23T13:08:10Z","buildId":"23769912-ffda-41a9-b084-37e495f914d0","buildName":"projects/870571884986/locations/us-central1/builds/23769912-ffda-41a9-b084-37e495f914d0"},"done":true,"error":{"code":3,"message":"Build failed: npm ERR! code EUSAGE\nnpm ERR! \nnpm ERR! `npm ci` can only install packages when your package.json and package-lock.json or npm-shrinkwrap.json are in sync. Please update your lock file with `npm install` before continuing.\nnpm ERR! \nnpm ERR! Missing: canvas@2.11.2 from lock file\nnpm ERR! Missing: @mapbox/node-pre-gyp@1.0.11 from lock file\nnpm ERR! Missing: nan@2.19.0 from lock file\nnpm ERR! Missing: simple-get@3.1.1 from lock file\nnpm ERR! Missing: detect-libc@2.0.3 from lock file\nnpm ERR! Missing: make-dir@3.1.0 from lock file\nnpm ERR! Missing: nopt@5.0.0 from lock file\nnpm ERR! Missing: npmlog@5.0.1 from lock file\nnpm ERR! Missing: rimraf@3.0.2 from lock file\nnpm ERR! Missing: semver@7.6.0 from lock file\nnpm ERR! Missing: tar@6.2.1 from lock file\nnpm ERR! Missing: abbrev@1.1.1 from lock file\nnpm ERR! Missing: are-we-there-yet@2.0.0 from lock file\nnpm ERR! Missing: console-control-strings@1.1.0 from lock file\nnpm ERR! Missing: gauge@3.0.2 from lock file\nnpm ERR! Missing: set-blocking@2.0.0 from lock file\nnpm ERR! Missing: delegates@1.0.0 from lock file\nnpm ERR! Missing: aproba@2.0.0 from lock file\nnpm ERR! Missing: color-support@1.1.3 from lock file\nnpm ERR! Missing: has-unicode@2.0.1 from lock file\nnpm ERR! Missing: wide-align@1.1.5 from lock file\nnpm ERR! Missing: decompress-response@4.2.1 from lock file\nnpm ERR! Missing: simple-concat@1.0.1 from lock file\nnpm ERR! Missing: mimic-response@2.1.0 from lock file\nnpm ERR! Missing: chownr@2.0.0 from lock file\nnpm ERR! Missing: fs-minipass@2.1.0 from lock file\nnpm ERR! Missing: minipass@5.0.0 from lock file\nnpm ERR! Missing: minizlib@2.1.2 from lock file\nnpm ERR! Missing: minipass@3.3.6 from lock file\nnpm ERR! Missing: minipass@3.3.6 from lock file\nnpm ERR! Missing: semver@6.3.1 from lock file\nnpm ERR! \nnpm ERR! Clean install a project\nnpm ERR! \nnpm ERR! Usage:\nnpm ERR! npm ci\nnpm ERR! \nnpm ERR! Options:\nnpm ERR! [--install-strategy <hoisted|nested|shallow|linked>] [--legacy-bundling]\nnpm ERR! [--global-style] [--omit <dev|optional|peer> [--omit <dev|optional|peer> ...]]\nnpm ERR! [--include <prod|dev|optional|peer> [--include <prod|dev|optional|peer> ...]]\nnpm ERR! [--strict-peer-deps] [--foreground-scripts] [--ignore-scripts] [--no-audit]\nnpm ERR! [--no-bin-links] [--no-fund] [--dry-run]\nnpm ERR! [-w|--workspace <workspace-name> [-w|--workspace <workspace-name> ...]]\nnpm ERR! [-ws|--workspaces] [--include-workspace-root] [--install-links]\nnpm ERR! \nnpm ERR! aliases: clean-install, ic, install-clean, isntall-clean\nnpm ERR! \nnpm ERR! Run \"npm help ci\" for more info\n\nnpm ERR! A complete log of this run can be found in: /www-data-home/.npm/_logs/2024-03-23T13_08_03_507Z-debug-0.log; Error ID: beaf8772"}}
[debug] [2024-03-23T13:08:13.362Z] Got source token undefined for region us-central1
[error] Build failed: npm ERR! code EUSAGE
npm ERR! 
npm ERR! `npm ci` can only install packages when your package.json and package-lock.json or npm-shrinkwrap.json are in sync. Please update your lock file with `npm install` before continuing.
npm ERR! 
npm ERR! Missing: canvas@2.11.2 from lock file
npm ERR! Missing: @mapbox/node-pre-gyp@1.0.11 from lock file
npm ERR! Missing: nan@2.19.0 from lock file
npm ERR! Missing: simple-get@3.1.1 from lock file
npm ERR! Missing: detect-libc@2.0.3 from lock file
npm ERR! Missing: make-dir@3.1.0 from lock file
npm ERR! Missing: nopt@5.0.0 from lock file
npm ERR! Missing: npmlog@5.0.1 from lock file
npm ERR! Missing: rimraf@3.0.2 from lock file
npm ERR! Missing: semver@7.6.0 from lock file
npm ERR! Missing: tar@6.2.1 from lock file
npm ERR! Missing: abbrev@1.1.1 from lock file
npm ERR! Missing: are-we-there-yet@2.0.0 from lock file
npm ERR! Missing: console-control-strings@1.1.0 from lock file
npm ERR! Missing: gauge@3.0.2 from lock file
npm ERR! Missing: set-blocking@2.0.0 from lock file
npm ERR! Missing: delegates@1.0.0 from lock file
npm ERR! Missing: aproba@2.0.0 from lock file
npm ERR! Missing: color-support@1.1.3 from lock file
npm ERR! Missing: has-unicode@2.0.1 from lock file
npm ERR! Missing: wide-align@1.1.5 from lock file
npm ERR! Missing: decompress-response@4.2.1 from lock file
npm ERR! Missing: simple-concat@1.0.1 from lock file
npm ERR! Missing: mimic-response@2.1.0 from lock file
npm ERR! Missing: chownr@2.0.0 from lock file
npm ERR! Missing: fs-minipass@2.1.0 from lock file
npm ERR! Missing: minipass@5.0.0 from lock file
npm ERR! Missing: minizlib@2.1.2 from lock file
npm ERR! Missing: minipass@3.3.6 from lock file
npm ERR! Missing: minipass@3.3.6 from lock file
npm ERR! Missing: semver@6.3.1 from lock file
npm ERR! 
npm ERR! Clean install a project
npm ERR! 
npm ERR! Usage:
npm ERR! npm ci
npm ERR! 
npm ERR! Options:
npm ERR! [--install-strategy <hoisted|nested|shallow|linked>] [--legacy-bundling]
npm ERR! [--global-style] [--omit <dev|optional|peer> [--omit <dev|optional|peer> ...]]
npm ERR! [--include <prod|dev|optional|peer> [--include <prod|dev|optional|peer> ...]]
npm ERR! [--strict-peer-deps] [--foreground-scripts] [--ignore-scripts] [--no-audit]
npm ERR! [--no-bin-links] [--no-fund] [--dry-run]
npm ERR! [-w|--workspace <workspace-name> [-w|--workspace <workspace-name> ...]]
npm ERR! [-ws|--workspaces] [--include-workspace-root] [--install-links]
npm ERR! 
npm ERR! aliases: clean-install, ic, install-clean, isntall-clean
npm ERR! 
npm ERR! Run "npm help ci" for more info

npm ERR! A complete log of this run can be found in: /www-data-home/.npm/_logs/2024-03-23T13_08_03_507Z-debug-0.log; Error ID: beaf8772
[debug] [2024-03-23T13:08:13.374Z] Total Function Deployment time: 29805
[debug] [2024-03-23T13:08:13.374Z] 1 Functions Deployed
[debug] [2024-03-23T13:08:13.374Z] 1 Functions Errored
[debug] [2024-03-23T13:08:13.374Z] 0 Function Deployments Aborted
[debug] [2024-03-23T13:08:13.374Z] Average Function Deployment time: 29804
[info] 
[info] Functions deploy had errors with the following functions:
	startCreateToken(us-central1)
[debug] [2024-03-23T13:08:13.456Z] Not printing URL for HTTPS function. Typically this means it didn't match a filter or we failed deployment
[debug] [2024-03-23T13:08:13.456Z] Not printing URL for HTTPS function. Typically this means it didn't match a filter or we failed deployment
[debug] [2024-03-23T13:08:13.456Z] Not printing URL for HTTPS function. Typically this means it didn't match a filter or we failed deployment
[info] i  functions: cleaning up build files... 
[debug] [2024-03-23T13:08:13.458Z] >>> [apiv2][query] DELETE https://artifactregistry.googleapis.com/v1beta2/projects/framecoin-production/locations/us-central1/repositories/gcf-artifacts/packages/start_create_token [none]
[debug] [2024-03-23T13:08:13.459Z] >>> [apiv2][query] DELETE https://artifactregistry.googleapis.com/v1beta2/projects/framecoin-production/locations/us-central1/repositories/gcf-artifacts/packages/save_name [none]
[debug] [2024-03-23T13:08:13.460Z] >>> [apiv2][query] DELETE https://artifactregistry.googleapis.com/v1beta2/projects/framecoin-production/locations/us-central1/repositories/gcf-artifacts/packages/save_ticker [none]
[debug] [2024-03-23T13:08:13.461Z] >>> [apiv2][query] GET https://us.gcr.io/v2/framecoin-production/gcf/us-central1/tags/list [none]
[debug] [2024-03-23T13:08:13.866Z] <<< [apiv2][status] GET https://us.gcr.io/v2/framecoin-production/gcf/us-central1/tags/list 200
[debug] [2024-03-23T13:08:13.866Z] <<< [apiv2][body] GET https://us.gcr.io/v2/framecoin-production/gcf/us-central1/tags/list {"child":[],"manifest":{},"name":"framecoin-production/gcf/us-central1","tags":[]}
[debug] [2024-03-23T13:08:13.867Z] Could not find image for function projects/framecoin-production/locations/us-central1/functions/startCreateToken
[debug] [2024-03-23T13:08:13.867Z] Could not find image for function projects/framecoin-production/locations/us-central1/functions/saveName
[debug] [2024-03-23T13:08:13.867Z] Could not find image for function projects/framecoin-production/locations/us-central1/functions/saveTicker
[debug] [2024-03-23T13:08:14.809Z] <<< [apiv2][status] DELETE https://artifactregistry.googleapis.com/v1beta2/projects/framecoin-production/locations/us-central1/repositories/gcf-artifacts/packages/save_name 404
[debug] [2024-03-23T13:08:14.809Z] <<< [apiv2][body] DELETE https://artifactregistry.googleapis.com/v1beta2/projects/framecoin-production/locations/us-central1/repositories/gcf-artifacts/packages/save_name {"error":{"code":404,"message":"Package \"projects/framecoin-production/locations/us-central1/repositories/gcf-artifacts/packages/save_name\" was not found.","status":"NOT_FOUND"}}
[debug] [2024-03-23T13:08:14.852Z] <<< [apiv2][status] DELETE https://artifactregistry.googleapis.com/v1beta2/projects/framecoin-production/locations/us-central1/repositories/gcf-artifacts/packages/start_create_token 404
[debug] [2024-03-23T13:08:14.852Z] <<< [apiv2][body] DELETE https://artifactregistry.googleapis.com/v1beta2/projects/framecoin-production/locations/us-central1/repositories/gcf-artifacts/packages/start_create_token {"error":{"code":404,"message":"Package \"projects/framecoin-production/locations/us-central1/repositories/gcf-artifacts/packages/start_create_token\" was not found.","status":"NOT_FOUND"}}
[debug] [2024-03-23T13:08:14.891Z] <<< [apiv2][status] DELETE https://artifactregistry.googleapis.com/v1beta2/projects/framecoin-production/locations/us-central1/repositories/gcf-artifacts/packages/save_ticker 404
[debug] [2024-03-23T13:08:14.892Z] <<< [apiv2][body] DELETE https://artifactregistry.googleapis.com/v1beta2/projects/framecoin-production/locations/us-central1/repositories/gcf-artifacts/packages/save_ticker {"error":{"code":404,"message":"Package \"projects/framecoin-production/locations/us-central1/repositories/gcf-artifacts/packages/save_ticker\" was not found.","status":"NOT_FOUND"}}
[debug] [2024-03-23T13:08:14.892Z] Functions deploy failed.
[debug] [2024-03-23T13:08:14.892Z] {
  "endpoint": {
    "id": "startCreateToken",
    "project": "framecoin-production",
    "region": "us-central1",
    "entryPoint": "startCreateToken",
    "platform": "gcfv1",
    "runtime": "nodejs18",
    "httpsTrigger": {},
    "ingressSettings": null,
    "availableMemoryMb": null,
    "serviceAccount": null,
    "timeoutSeconds": null,
    "maxInstances": null,
    "minInstances": null,
    "vpc": null,
    "environmentVariables": {
      "FIREBASE_CONFIG": "{\"projectId\":\"framecoin-production\",\"storageBucket\":\"framecoin-production.appspot.com\"}",
      "GCLOUD_PROJECT": "framecoin-production",
      "FIRESTORE_PREFER_REST": "true",
      "EVENTARC_CLOUD_EVENT_SOURCE": "projects/framecoin-production/locations/us-central1/functions/startCreateToken"
    },
    "codebase": "default",
    "securityLevel": "SECURE_ALWAYS",
    "targetedByOnly": true,
    "hash": "2a7df05b3d59ada87633fbdef1ead88a838e38ce",
    "labels": {
      "deployment-tool": "cli-firebase"
    }
  },
  "op": "update",
  "original": {
    "name": "FirebaseError",
    "children": [],
    "exit": 1,
    "message": "Build failed: npm ERR! code EUSAGE\nnpm ERR! \nnpm ERR! `npm ci` can only install packages when your package.json and package-lock.json or npm-shrinkwrap.json are in sync. Please update your lock file with `npm install` before continuing.\nnpm ERR! \nnpm ERR! Missing: canvas@2.11.2 from lock file\nnpm ERR! Missing: @mapbox/node-pre-gyp@1.0.11 from lock file\nnpm ERR! Missing: nan@2.19.0 from lock file\nnpm ERR! Missing: simple-get@3.1.1 from lock file\nnpm ERR! Missing: detect-libc@2.0.3 from lock file\nnpm ERR! Missing: make-dir@3.1.0 from lock file\nnpm ERR! Missing: nopt@5.0.0 from lock file\nnpm ERR! Missing: npmlog@5.0.1 from lock file\nnpm ERR! Missing: rimraf@3.0.2 from lock file\nnpm ERR! Missing: semver@7.6.0 from lock file\nnpm ERR! Missing: tar@6.2.1 from lock file\nnpm ERR! Missing: abbrev@1.1.1 from lock file\nnpm ERR! Missing: are-we-there-yet@2.0.0 from lock file\nnpm ERR! Missing: console-control-strings@1.1.0 from lock file\nnpm ERR! Missing: gauge@3.0.2 from lock file\nnpm ERR! Missing: set-blocking@2.0.0 from lock file\nnpm ERR! Missing: delegates@1.0.0 from lock file\nnpm ERR! Missing: aproba@2.0.0 from lock file\nnpm ERR! Missing: color-support@1.1.3 from lock file\nnpm ERR! Missing: has-unicode@2.0.1 from lock file\nnpm ERR! Missing: wide-align@1.1.5 from lock file\nnpm ERR! Missing: decompress-response@4.2.1 from lock file\nnpm ERR! Missing: simple-concat@1.0.1 from lock file\nnpm ERR! Missing: mimic-response@2.1.0 from lock file\nnpm ERR! Missing: chownr@2.0.0 from lock file\nnpm ERR! Missing: fs-minipass@2.1.0 from lock file\nnpm ERR! Missing: minipass@5.0.0 from lock file\nnpm ERR! Missing: minizlib@2.1.2 from lock file\nnpm ERR! Missing: minipass@3.3.6 from lock file\nnpm ERR! Missing: minipass@3.3.6 from lock file\nnpm ERR! Missing: semver@6.3.1 from lock file\nnpm ERR! \nnpm ERR! Clean install a project\nnpm ERR! \nnpm ERR! Usage:\nnpm ERR! npm ci\nnpm ERR! \nnpm ERR! Options:\nnpm ERR! [--install-strategy <hoisted|nested|shallow|linked>] [--legacy-bundling]\nnpm ERR! [--global-style] [--omit <dev|optional|peer> [--omit <dev|optional|peer> ...]]\nnpm ERR! [--include <prod|dev|optional|peer> [--include <prod|dev|optional|peer> ...]]\nnpm ERR! [--strict-peer-deps] [--foreground-scripts] [--ignore-scripts] [--no-audit]\nnpm ERR! [--no-bin-links] [--no-fund] [--dry-run]\nnpm ERR! [-w|--workspace <workspace-name> [-w|--workspace <workspace-name> ...]]\nnpm ERR! [-ws|--workspaces] [--include-workspace-root] [--install-links]\nnpm ERR! \nnpm ERR! aliases: clean-install, ic, install-clean, isntall-clean\nnpm ERR! \nnpm ERR! Run \"npm help ci\" for more info\n\nnpm ERR! A complete log of this run can be found in: /www-data-home/.npm/_logs/2024-03-23T13_08_03_507Z-debug-0.log; Error ID: beaf8772",
    "status": 3,
    "code": 3
  }
}
[debug] [2024-03-23T13:08:14.955Z] Error: Failed to update function startCreateToken in region us-central1
    at /Users/bilalmotiwala/.nvm/versions/node/v18.18.2/lib/node_modules/firebase-tools/lib/deploy/functions/release/fabricator.js:51:11
    at process.processTicksAndRejections (node:internal/process/task_queues:95:5)
    at async Fabricator.updateV1Function (/Users/bilalmotiwala/.nvm/versions/node/v18.18.2/lib/node_modules/firebase-tools/lib/deploy/functions/release/fabricator.js:347:32)
    at async Fabricator.updateEndpoint (/Users/bilalmotiwala/.nvm/versions/node/v18.18.2/lib/node_modules/firebase-tools/lib/deploy/functions/release/fabricator.js:151:13)
    at async handle (/Users/bilalmotiwala/.nvm/versions/node/v18.18.2/lib/node_modules/firebase-tools/lib/deploy/functions/release/fabricator.js:88:17)
[error] 
[error] Error: There was an error deploying functions
